<?xml version="1.0" encoding="UTF-8"?>
<testsuite xmlns:xsi="http://www.w3.org/2001/XMLSchema-instance" xsi:noNamespaceSchemaLocation="https://maven.apache.org/surefire/maven-surefire-plugin/xsd/surefire-test-report-3.0.xsd" version="3.0" name="it.unisa.biblionet.autenticazione.controller.AutenticazioneControllerIntegrationTest" time="66.616" tests="3" errors="0" skipped="0" failures="0">
  <properties>
    <property name="java.specification.version" value="23"/>
    <property name="sun.cpu.isalist" value="amd64"/>
    <property name="sun.jnu.encoding" value="Cp1252"/>
    <property name="java.class.path" value="C:\Users\anton\IdeaProjects\Bibliotet3\target\test-classes;C:\Users\anton\IdeaProjects\Bibliotet3\target\classes;C:\Users\anton\.m2\repository\org\springframework\boot\spring-boot-starter-data-jpa\3.4.1\spring-boot-starter-data-jpa-3.4.1.jar;C:\Users\anton\.m2\repository\org\springframework\boot\spring-boot-starter\3.4.1\spring-boot-starter-3.4.1.jar;C:\Users\anton\.m2\repository\org\springframework\boot\spring-boot-starter-logging\3.4.1\spring-boot-starter-logging-3.4.1.jar;C:\Users\anton\.m2\repository\ch\qos\logback\logback-classic\1.5.12\logback-classic-1.5.12.jar;C:\Users\anton\.m2\repository\ch\qos\logback\logback-core\1.5.12\logback-core-1.5.12.jar;C:\Users\anton\.m2\repository\org\apache\logging\log4j\log4j-to-slf4j\2.24.3\log4j-to-slf4j-2.24.3.jar;C:\Users\anton\.m2\repository\org\apache\logging\log4j\log4j-api\2.24.3\log4j-api-2.24.3.jar;C:\Users\anton\.m2\repository\org\slf4j\jul-to-slf4j\2.0.16\jul-to-slf4j-2.0.16.jar;C:\Users\anton\.m2\repository\jakarta\annotation\jakarta.annotation-api\2.1.1\jakarta.annotation-api-2.1.1.jar;C:\Users\anton\.m2\repository\org\yaml\snakeyaml\2.3\snakeyaml-2.3.jar;C:\Users\anton\.m2\repository\org\springframework\boot\spring-boot-starter-jdbc\3.4.1\spring-boot-starter-jdbc-3.4.1.jar;C:\Users\anton\.m2\repository\com\zaxxer\HikariCP\5.1.0\HikariCP-5.1.0.jar;C:\Users\anton\.m2\repository\org\springframework\spring-jdbc\6.2.1\spring-jdbc-6.2.1.jar;C:\Users\anton\.m2\repository\org\hibernate\orm\hibernate-core\6.6.4.Final\hibernate-core-6.6.4.Final.jar;C:\Users\anton\.m2\repository\jakarta\persistence\jakarta.persistence-api\3.1.0\jakarta.persistence-api-3.1.0.jar;C:\Users\anton\.m2\repository\jakarta\transaction\jakarta.transaction-api\2.0.1\jakarta.transaction-api-2.0.1.jar;C:\Users\anton\.m2\repository\org\hibernate\common\hibernate-commons-annotations\7.0.3.Final\hibernate-commons-annotations-7.0.3.Final.jar;C:\Users\anton\.m2\repository\io\smallrye\jandex\3.2.0\jandex-3.2.0.jar;C:\Users\anton\.m2\repository\net\bytebuddy\byte-buddy\1.15.11\byte-buddy-1.15.11.jar;C:\Users\anton\.m2\repository\org\glassfish\jaxb\jaxb-runtime\4.0.5\jaxb-runtime-4.0.5.jar;C:\Users\anton\.m2\repository\org\glassfish\jaxb\jaxb-core\4.0.5\jaxb-core-4.0.5.jar;C:\Users\anton\.m2\repository\org\eclipse\angus\angus-activation\2.0.2\angus-activation-2.0.2.jar;C:\Users\anton\.m2\repository\org\glassfish\jaxb\txw2\4.0.5\txw2-4.0.5.jar;C:\Users\anton\.m2\repository\com\sun\istack\istack-commons-runtime\4.1.2\istack-commons-runtime-4.1.2.jar;C:\Users\anton\.m2\repository\jakarta\inject\jakarta.inject-api\2.0.1\jakarta.inject-api-2.0.1.jar;C:\Users\anton\.m2\repository\org\antlr\antlr4-runtime\4.13.0\antlr4-runtime-4.13.0.jar;C:\Users\anton\.m2\repository\org\springframework\data\spring-data-jpa\3.4.1\spring-data-jpa-3.4.1.jar;C:\Users\anton\.m2\repository\org\springframework\data\spring-data-commons\3.4.1\spring-data-commons-3.4.1.jar;C:\Users\anton\.m2\repository\org\springframework\spring-orm\6.2.1\spring-orm-6.2.1.jar;C:\Users\anton\.m2\repository\org\springframework\spring-context\6.2.1\spring-context-6.2.1.jar;C:\Users\anton\.m2\repository\org\springframework\spring-aop\6.2.1\spring-aop-6.2.1.jar;C:\Users\anton\.m2\repository\org\springframework\spring-tx\6.2.1\spring-tx-6.2.1.jar;C:\Users\anton\.m2\repository\org\springframework\spring-beans\6.2.1\spring-beans-6.2.1.jar;C:\Users\anton\.m2\repository\org\springframework\spring-aspects\6.2.1\spring-aspects-6.2.1.jar;C:\Users\anton\.m2\repository\org\aspectj\aspectjweaver\1.9.22.1\aspectjweaver-1.9.22.1.jar;C:\Users\anton\.m2\repository\org\springframework\boot\spring-boot-starter-thymeleaf\3.4.1\spring-boot-starter-thymeleaf-3.4.1.jar;C:\Users\anton\.m2\repository\org\thymeleaf\thymeleaf-spring6\3.1.3.RELEASE\thymeleaf-spring6-3.1.3.RELEASE.jar;C:\Users\anton\.m2\repository\org\springframework\boot\spring-boot-starter-web\3.4.1\spring-boot-starter-web-3.4.1.jar;C:\Users\anton\.m2\repository\org\springframework\boot\spring-boot-starter-json\3.4.1\spring-boot-starter-json-3.4.1.jar;C:\Users\anton\.m2\repository\com\fasterxml\jackson\core\jackson-databind\2.18.2\jackson-databind-2.18.2.jar;C:\Users\anton\.m2\repository\com\fasterxml\jackson\core\jackson-annotations\2.18.2\jackson-annotations-2.18.2.jar;C:\Users\anton\.m2\repository\com\fasterxml\jackson\core\jackson-core\2.18.2\jackson-core-2.18.2.jar;C:\Users\anton\.m2\repository\com\fasterxml\jackson\datatype\jackson-datatype-jdk8\2.18.2\jackson-datatype-jdk8-2.18.2.jar;C:\Users\anton\.m2\repository\com\fasterxml\jackson\datatype\jackson-datatype-jsr310\2.18.2\jackson-datatype-jsr310-2.18.2.jar;C:\Users\anton\.m2\repository\com\fasterxml\jackson\module\jackson-module-parameter-names\2.18.2\jackson-module-parameter-names-2.18.2.jar;C:\Users\anton\.m2\repository\org\springframework\boot\spring-boot-starter-tomcat\3.4.1\spring-boot-starter-tomcat-3.4.1.jar;C:\Users\anton\.m2\repository\org\apache\tomcat\embed\tomcat-embed-core\10.1.34\tomcat-embed-core-10.1.34.jar;C:\Users\anton\.m2\repository\org\apache\tomcat\embed\tomcat-embed-el\10.1.34\tomcat-embed-el-10.1.34.jar;C:\Users\anton\.m2\repository\org\apache\tomcat\embed\tomcat-embed-websocket\10.1.34\tomcat-embed-websocket-10.1.34.jar;C:\Users\anton\.m2\repository\org\springframework\spring-web\6.2.1\spring-web-6.2.1.jar;C:\Users\anton\.m2\repository\org\springframework\spring-webmvc\6.2.1\spring-webmvc-6.2.1.jar;C:\Users\anton\.m2\repository\org\springframework\spring-expression\6.2.1\spring-expression-6.2.1.jar;C:\Users\anton\.m2\repository\org\springframework\boot\spring-boot-devtools\3.4.1\spring-boot-devtools-3.4.1.jar;C:\Users\anton\.m2\repository\org\springframework\boot\spring-boot\3.4.1\spring-boot-3.4.1.jar;C:\Users\anton\.m2\repository\org\springframework\boot\spring-boot-autoconfigure\3.4.1\spring-boot-autoconfigure-3.4.1.jar;C:\Users\anton\.m2\repository\com\h2database\h2\2.3.232\h2-2.3.232.jar;C:\Users\anton\.m2\repository\org\projectlombok\lombok\1.18.36\lombok-1.18.36.jar;C:\Users\anton\.m2\repository\nz\net\ultraq\thymeleaf\thymeleaf-layout-dialect\3.3.0\thymeleaf-layout-dialect-3.3.0.jar;C:\Users\anton\.m2\repository\org\apache\groovy\groovy\4.0.24\groovy-4.0.24.jar;C:\Users\anton\.m2\repository\nz\net\ultraq\groovy\groovy-extensions\2.1.0\groovy-extensions-2.1.0.jar;C:\Users\anton\.m2\repository\nz\net\ultraq\thymeleaf\thymeleaf-expression-processor\3.2.0\thymeleaf-expression-processor-3.2.0.jar;C:\Users\anton\.m2\repository\org\thymeleaf\thymeleaf\3.1.3.RELEASE\thymeleaf-3.1.3.RELEASE.jar;C:\Users\anton\.m2\repository\ognl\ognl\3.3.4\ognl-3.3.4.jar;C:\Users\anton\.m2\repository\org\javassist\javassist\3.29.0-GA\javassist-3.29.0-GA.jar;C:\Users\anton\.m2\repository\org\attoparser\attoparser\2.0.7.RELEASE\attoparser-2.0.7.RELEASE.jar;C:\Users\anton\.m2\repository\org\unbescape\unbescape\1.1.6.RELEASE\unbescape-1.1.6.RELEASE.jar;C:\Users\anton\.m2\repository\org\slf4j\slf4j-api\2.0.16\slf4j-api-2.0.16.jar;C:\Users\anton\.m2\repository\org\springframework\boot\spring-boot-starter-test\3.4.1\spring-boot-starter-test-3.4.1.jar;C:\Users\anton\.m2\repository\org\springframework\boot\spring-boot-test\3.4.1\spring-boot-test-3.4.1.jar;C:\Users\anton\.m2\repository\org\springframework\boot\spring-boot-test-autoconfigure\3.4.1\spring-boot-test-autoconfigure-3.4.1.jar;C:\Users\anton\.m2\repository\com\jayway\jsonpath\json-path\2.9.0\json-path-2.9.0.jar;C:\Users\anton\.m2\repository\jakarta\xml\bind\jakarta.xml.bind-api\4.0.2\jakarta.xml.bind-api-4.0.2.jar;C:\Users\anton\.m2\repository\jakarta\activation\jakarta.activation-api\2.1.3\jakarta.activation-api-2.1.3.jar;C:\Users\anton\.m2\repository\net\minidev\json-smart\2.5.1\json-smart-2.5.1.jar;C:\Users\anton\.m2\repository\net\minidev\accessors-smart\2.5.1\accessors-smart-2.5.1.jar;C:\Users\anton\.m2\repository\org\assertj\assertj-core\3.26.3\assertj-core-3.26.3.jar;C:\Users\anton\.m2\repository\org\awaitility\awaitility\4.2.2\awaitility-4.2.2.jar;C:\Users\anton\.m2\repository\org\hamcrest\hamcrest\2.2\hamcrest-2.2.jar;C:\Users\anton\.m2\repository\org\junit\jupiter\junit-jupiter\5.11.4\junit-jupiter-5.11.4.jar;C:\Users\anton\.m2\repository\org\junit\jupiter\junit-jupiter-api\5.11.4\junit-jupiter-api-5.11.4.jar;C:\Users\anton\.m2\repository\org\opentest4j\opentest4j\1.3.0\opentest4j-1.3.0.jar;C:\Users\anton\.m2\repository\org\junit\platform\junit-platform-commons\1.11.4\junit-platform-commons-1.11.4.jar;C:\Users\anton\.m2\repository\org\apiguardian\apiguardian-api\1.1.2\apiguardian-api-1.1.2.jar;C:\Users\anton\.m2\repository\org\junit\jupiter\junit-jupiter-params\5.11.4\junit-jupiter-params-5.11.4.jar;C:\Users\anton\.m2\repository\org\junit\jupiter\junit-jupiter-engine\5.11.4\junit-jupiter-engine-5.11.4.jar;C:\Users\anton\.m2\repository\org\junit\platform\junit-platform-engine\1.11.4\junit-platform-engine-1.11.4.jar;C:\Users\anton\.m2\repository\org\mockito\mockito-core\5.14.2\mockito-core-5.14.2.jar;C:\Users\anton\.m2\repository\net\bytebuddy\byte-buddy-agent\1.15.11\byte-buddy-agent-1.15.11.jar;C:\Users\anton\.m2\repository\org\objenesis\objenesis\3.3\objenesis-3.3.jar;C:\Users\anton\.m2\repository\org\mockito\mockito-junit-jupiter\5.14.2\mockito-junit-jupiter-5.14.2.jar;C:\Users\anton\.m2\repository\org\skyscreamer\jsonassert\1.5.3\jsonassert-1.5.3.jar;C:\Users\anton\.m2\repository\com\vaadin\external\google\android-json\0.0.20131108.vaadin1\android-json-0.0.20131108.vaadin1.jar;C:\Users\anton\.m2\repository\org\springframework\spring-core\6.2.1\spring-core-6.2.1.jar;C:\Users\anton\.m2\repository\org\springframework\spring-jcl\6.2.1\spring-jcl-6.2.1.jar;C:\Users\anton\.m2\repository\org\springframework\spring-test\6.2.1\spring-test-6.2.1.jar;C:\Users\anton\.m2\repository\org\xmlunit\xmlunit-core\2.10.0\xmlunit-core-2.10.0.jar;C:\Users\anton\.m2\repository\junit\junit\4.13.2\junit-4.13.2.jar;C:\Users\anton\.m2\repository\org\hamcrest\hamcrest-core\2.2\hamcrest-core-2.2.jar;C:\Users\anton\.m2\repository\jakarta\validation\jakarta.validation-api\3.0.2\jakarta.validation-api-3.0.2.jar;C:\Users\anton\.m2\repository\com\googlecode\json-simple\json-simple\1.1.1\json-simple-1.1.1.jar;C:\Users\anton\.m2\repository\commons-io\commons-io\2.8.0\commons-io-2.8.0.jar;C:\Users\anton\.m2\repository\org\jacoco\jacoco-maven-plugin\0.8.12\jacoco-maven-plugin-0.8.12.jar;C:\Users\anton\.m2\repository\org\codehaus\plexus\plexus-utils\3.0.24\plexus-utils-3.0.24.jar;C:\Users\anton\.m2\repository\org\apache\maven\shared\file-management\3.1.0\file-management-3.1.0.jar;C:\Users\anton\.m2\repository\org\apache\maven\reporting\maven-reporting-api\3.0\maven-reporting-api-3.0.jar;C:\Users\anton\.m2\repository\org\apache\maven\doxia\doxia-sink-api\1.0\doxia-sink-api-1.0.jar;C:\Users\anton\.m2\repository\org\jacoco\org.jacoco.agent\0.8.12\org.jacoco.agent-0.8.12-runtime.jar;C:\Users\anton\.m2\repository\org\jacoco\org.jacoco.core\0.8.12\org.jacoco.core-0.8.12.jar;C:\Users\anton\.m2\repository\org\ow2\asm\asm\9.7\asm-9.7.jar;C:\Users\anton\.m2\repository\org\ow2\asm\asm-commons\9.7\asm-commons-9.7.jar;C:\Users\anton\.m2\repository\org\ow2\asm\asm-tree\9.7\asm-tree-9.7.jar;C:\Users\anton\.m2\repository\org\jacoco\org.jacoco.report\0.8.12\org.jacoco.report-0.8.12.jar;C:\Users\anton\.m2\repository\org\apache\maven\plugins\maven-surefire-plugin\3.5.2\maven-surefire-plugin-3.5.2.jar;C:\Users\anton\.m2\repository\org\apache\maven\surefire\surefire-api\3.5.2\surefire-api-3.5.2.jar;C:\Users\anton\.m2\repository\org\apache\maven\surefire\surefire-logger-api\3.5.2\surefire-logger-api-3.5.2.jar;C:\Users\anton\.m2\repository\org\apache\maven\surefire\surefire-shared-utils\3.5.2\surefire-shared-utils-3.5.2.jar;C:\Users\anton\.m2\repository\org\apache\maven\surefire\surefire-extensions-api\3.5.2\surefire-extensions-api-3.5.2.jar;C:\Users\anton\.m2\repository\org\apache\maven\surefire\maven-surefire-common\3.5.2\maven-surefire-common-3.5.2.jar;C:\Users\anton\.m2\repository\org\apache\maven\surefire\surefire-booter\3.5.2\surefire-booter-3.5.2.jar;C:\Users\anton\.m2\repository\org\apache\maven\surefire\surefire-extensions-spi\3.5.2\surefire-extensions-spi-3.5.2.jar;C:\Users\anton\.m2\repository\org\apache\maven\resolver\maven-resolver-util\1.4.1\maven-resolver-util-1.4.1.jar;C:\Users\anton\.m2\repository\org\apache\maven\resolver\maven-resolver-api\1.4.1\maven-resolver-api-1.4.1.jar;C:\Users\anton\.m2\repository\org\apache\maven\shared\maven-common-artifact-filters\3.4.0\maven-common-artifact-filters-3.4.0.jar;C:\Users\anton\.m2\repository\org\codehaus\plexus\plexus-java\1.3.0\plexus-java-1.3.0.jar;C:\Users\anton\.m2\repository\com\thoughtworks\qdox\qdox\2.1.0\qdox-2.1.0.jar;C:\Users\anton\.m2\repository\org\jboss\logging\jboss-logging\3.6.1.Final\jboss-logging-3.6.1.Final.jar;C:\Users\anton\.m2\repository\org\springframework\boot\spring-boot-starter-actuator\3.4.1\spring-boot-starter-actuator-3.4.1.jar;C:\Users\anton\.m2\repository\org\springframework\boot\spring-boot-actuator-autoconfigure\3.4.1\spring-boot-actuator-autoconfigure-3.4.1.jar;C:\Users\anton\.m2\repository\org\springframework\boot\spring-boot-actuator\3.4.1\spring-boot-actuator-3.4.1.jar;C:\Users\anton\.m2\repository\io\micrometer\micrometer-observation\1.14.2\micrometer-observation-1.14.2.jar;C:\Users\anton\.m2\repository\io\micrometer\micrometer-commons\1.14.2\micrometer-commons-1.14.2.jar;C:\Users\anton\.m2\repository\io\micrometer\micrometer-jakarta9\1.14.2\micrometer-jakarta9-1.14.2.jar;C:\Users\anton\.m2\repository\io\micrometer\micrometer-core\1.14.2\micrometer-core-1.14.2.jar;C:\Users\anton\.m2\repository\org\hdrhistogram\HdrHistogram\2.2.2\HdrHistogram-2.2.2.jar;C:\Users\anton\.m2\repository\org\latencyutils\LatencyUtils\2.0.3\LatencyUtils-2.0.3.jar;C:\Users\anton\.m2\repository\org\hibernate\validator\hibernate-validator\8.0.2.Final\hibernate-validator-8.0.2.Final.jar;C:\Users\anton\.m2\repository\com\fasterxml\classmate\1.7.0\classmate-1.7.0.jar;C:\Users\anton\.m2\repository\org\glassfish\jakarta.el\5.0.0-M1\jakarta.el-5.0.0-M1.jar;C:\Users\anton\.m2\repository\jakarta\el\jakarta.el-api\5.0.0\jakarta.el-api-5.0.0.jar;"/>
    <property name="java.vm.vendor" value="Oracle Corporation"/>
    <property name="sun.arch.data.model" value="64"/>
    <property name="user.variant" value=""/>
    <property name="java.vendor.url" value="https://java.oracle.com/"/>
    <property name="user.timezone" value="Europe/Rome"/>
    <property name="org.jboss.logging.provider" value="slf4j"/>
    <property name="os.name" value="Windows 11"/>
    <property name="java.vm.specification.version" value="23"/>
    <property name="sun.java.launcher" value="SUN_STANDARD"/>
    <property name="user.country" value="IT"/>
    <property name="sun.boot.library.path" value="C:\Program Files\Java\jdk-23\bin"/>
    <property name="sun.java.command" value="C:\Users\anton\AppData\Local\Temp\surefire2576266347971769043\surefirebooter11423826616555176608.jar C:\Users\anton\AppData\Local\Temp\surefire2576266347971769043 2025-01-20T23-16-05_678-jvmRun1 surefire10473181257284656912tmp surefire_015663285449115654264tmp"/>
    <property name="jdk.debug" value="release"/>
    <property name="surefire.test.class.path" value="C:\Users\anton\IdeaProjects\Bibliotet3\target\test-classes;C:\Users\anton\IdeaProjects\Bibliotet3\target\classes;C:\Users\anton\.m2\repository\org\springframework\boot\spring-boot-starter-data-jpa\3.4.1\spring-boot-starter-data-jpa-3.4.1.jar;C:\Users\anton\.m2\repository\org\springframework\boot\spring-boot-starter\3.4.1\spring-boot-starter-3.4.1.jar;C:\Users\anton\.m2\repository\org\springframework\boot\spring-boot-starter-logging\3.4.1\spring-boot-starter-logging-3.4.1.jar;C:\Users\anton\.m2\repository\ch\qos\logback\logback-classic\1.5.12\logback-classic-1.5.12.jar;C:\Users\anton\.m2\repository\ch\qos\logback\logback-core\1.5.12\logback-core-1.5.12.jar;C:\Users\anton\.m2\repository\org\apache\logging\log4j\log4j-to-slf4j\2.24.3\log4j-to-slf4j-2.24.3.jar;C:\Users\anton\.m2\repository\org\apache\logging\log4j\log4j-api\2.24.3\log4j-api-2.24.3.jar;C:\Users\anton\.m2\repository\org\slf4j\jul-to-slf4j\2.0.16\jul-to-slf4j-2.0.16.jar;C:\Users\anton\.m2\repository\jakarta\annotation\jakarta.annotation-api\2.1.1\jakarta.annotation-api-2.1.1.jar;C:\Users\anton\.m2\repository\org\yaml\snakeyaml\2.3\snakeyaml-2.3.jar;C:\Users\anton\.m2\repository\org\springframework\boot\spring-boot-starter-jdbc\3.4.1\spring-boot-starter-jdbc-3.4.1.jar;C:\Users\anton\.m2\repository\com\zaxxer\HikariCP\5.1.0\HikariCP-5.1.0.jar;C:\Users\anton\.m2\repository\org\springframework\spring-jdbc\6.2.1\spring-jdbc-6.2.1.jar;C:\Users\anton\.m2\repository\org\hibernate\orm\hibernate-core\6.6.4.Final\hibernate-core-6.6.4.Final.jar;C:\Users\anton\.m2\repository\jakarta\persistence\jakarta.persistence-api\3.1.0\jakarta.persistence-api-3.1.0.jar;C:\Users\anton\.m2\repository\jakarta\transaction\jakarta.transaction-api\2.0.1\jakarta.transaction-api-2.0.1.jar;C:\Users\anton\.m2\repository\org\hibernate\common\hibernate-commons-annotations\7.0.3.Final\hibernate-commons-annotations-7.0.3.Final.jar;C:\Users\anton\.m2\repository\io\smallrye\jandex\3.2.0\jandex-3.2.0.jar;C:\Users\anton\.m2\repository\net\bytebuddy\byte-buddy\1.15.11\byte-buddy-1.15.11.jar;C:\Users\anton\.m2\repository\org\glassfish\jaxb\jaxb-runtime\4.0.5\jaxb-runtime-4.0.5.jar;C:\Users\anton\.m2\repository\org\glassfish\jaxb\jaxb-core\4.0.5\jaxb-core-4.0.5.jar;C:\Users\anton\.m2\repository\org\eclipse\angus\angus-activation\2.0.2\angus-activation-2.0.2.jar;C:\Users\anton\.m2\repository\org\glassfish\jaxb\txw2\4.0.5\txw2-4.0.5.jar;C:\Users\anton\.m2\repository\com\sun\istack\istack-commons-runtime\4.1.2\istack-commons-runtime-4.1.2.jar;C:\Users\anton\.m2\repository\jakarta\inject\jakarta.inject-api\2.0.1\jakarta.inject-api-2.0.1.jar;C:\Users\anton\.m2\repository\org\antlr\antlr4-runtime\4.13.0\antlr4-runtime-4.13.0.jar;C:\Users\anton\.m2\repository\org\springframework\data\spring-data-jpa\3.4.1\spring-data-jpa-3.4.1.jar;C:\Users\anton\.m2\repository\org\springframework\data\spring-data-commons\3.4.1\spring-data-commons-3.4.1.jar;C:\Users\anton\.m2\repository\org\springframework\spring-orm\6.2.1\spring-orm-6.2.1.jar;C:\Users\anton\.m2\repository\org\springframework\spring-context\6.2.1\spring-context-6.2.1.jar;C:\Users\anton\.m2\repository\org\springframework\spring-aop\6.2.1\spring-aop-6.2.1.jar;C:\Users\anton\.m2\repository\org\springframework\spring-tx\6.2.1\spring-tx-6.2.1.jar;C:\Users\anton\.m2\repository\org\springframework\spring-beans\6.2.1\spring-beans-6.2.1.jar;C:\Users\anton\.m2\repository\org\springframework\spring-aspects\6.2.1\spring-aspects-6.2.1.jar;C:\Users\anton\.m2\repository\org\aspectj\aspectjweaver\1.9.22.1\aspectjweaver-1.9.22.1.jar;C:\Users\anton\.m2\repository\org\springframework\boot\spring-boot-starter-thymeleaf\3.4.1\spring-boot-starter-thymeleaf-3.4.1.jar;C:\Users\anton\.m2\repository\org\thymeleaf\thymeleaf-spring6\3.1.3.RELEASE\thymeleaf-spring6-3.1.3.RELEASE.jar;C:\Users\anton\.m2\repository\org\springframework\boot\spring-boot-starter-web\3.4.1\spring-boot-starter-web-3.4.1.jar;C:\Users\anton\.m2\repository\org\springframework\boot\spring-boot-starter-json\3.4.1\spring-boot-starter-json-3.4.1.jar;C:\Users\anton\.m2\repository\com\fasterxml\jackson\core\jackson-databind\2.18.2\jackson-databind-2.18.2.jar;C:\Users\anton\.m2\repository\com\fasterxml\jackson\core\jackson-annotations\2.18.2\jackson-annotations-2.18.2.jar;C:\Users\anton\.m2\repository\com\fasterxml\jackson\core\jackson-core\2.18.2\jackson-core-2.18.2.jar;C:\Users\anton\.m2\repository\com\fasterxml\jackson\datatype\jackson-datatype-jdk8\2.18.2\jackson-datatype-jdk8-2.18.2.jar;C:\Users\anton\.m2\repository\com\fasterxml\jackson\datatype\jackson-datatype-jsr310\2.18.2\jackson-datatype-jsr310-2.18.2.jar;C:\Users\anton\.m2\repository\com\fasterxml\jackson\module\jackson-module-parameter-names\2.18.2\jackson-module-parameter-names-2.18.2.jar;C:\Users\anton\.m2\repository\org\springframework\boot\spring-boot-starter-tomcat\3.4.1\spring-boot-starter-tomcat-3.4.1.jar;C:\Users\anton\.m2\repository\org\apache\tomcat\embed\tomcat-embed-core\10.1.34\tomcat-embed-core-10.1.34.jar;C:\Users\anton\.m2\repository\org\apache\tomcat\embed\tomcat-embed-el\10.1.34\tomcat-embed-el-10.1.34.jar;C:\Users\anton\.m2\repository\org\apache\tomcat\embed\tomcat-embed-websocket\10.1.34\tomcat-embed-websocket-10.1.34.jar;C:\Users\anton\.m2\repository\org\springframework\spring-web\6.2.1\spring-web-6.2.1.jar;C:\Users\anton\.m2\repository\org\springframework\spring-webmvc\6.2.1\spring-webmvc-6.2.1.jar;C:\Users\anton\.m2\repository\org\springframework\spring-expression\6.2.1\spring-expression-6.2.1.jar;C:\Users\anton\.m2\repository\org\springframework\boot\spring-boot-devtools\3.4.1\spring-boot-devtools-3.4.1.jar;C:\Users\anton\.m2\repository\org\springframework\boot\spring-boot\3.4.1\spring-boot-3.4.1.jar;C:\Users\anton\.m2\repository\org\springframework\boot\spring-boot-autoconfigure\3.4.1\spring-boot-autoconfigure-3.4.1.jar;C:\Users\anton\.m2\repository\com\h2database\h2\2.3.232\h2-2.3.232.jar;C:\Users\anton\.m2\repository\org\projectlombok\lombok\1.18.36\lombok-1.18.36.jar;C:\Users\anton\.m2\repository\nz\net\ultraq\thymeleaf\thymeleaf-layout-dialect\3.3.0\thymeleaf-layout-dialect-3.3.0.jar;C:\Users\anton\.m2\repository\org\apache\groovy\groovy\4.0.24\groovy-4.0.24.jar;C:\Users\anton\.m2\repository\nz\net\ultraq\groovy\groovy-extensions\2.1.0\groovy-extensions-2.1.0.jar;C:\Users\anton\.m2\repository\nz\net\ultraq\thymeleaf\thymeleaf-expression-processor\3.2.0\thymeleaf-expression-processor-3.2.0.jar;C:\Users\anton\.m2\repository\org\thymeleaf\thymeleaf\3.1.3.RELEASE\thymeleaf-3.1.3.RELEASE.jar;C:\Users\anton\.m2\repository\ognl\ognl\3.3.4\ognl-3.3.4.jar;C:\Users\anton\.m2\repository\org\javassist\javassist\3.29.0-GA\javassist-3.29.0-GA.jar;C:\Users\anton\.m2\repository\org\attoparser\attoparser\2.0.7.RELEASE\attoparser-2.0.7.RELEASE.jar;C:\Users\anton\.m2\repository\org\unbescape\unbescape\1.1.6.RELEASE\unbescape-1.1.6.RELEASE.jar;C:\Users\anton\.m2\repository\org\slf4j\slf4j-api\2.0.16\slf4j-api-2.0.16.jar;C:\Users\anton\.m2\repository\org\springframework\boot\spring-boot-starter-test\3.4.1\spring-boot-starter-test-3.4.1.jar;C:\Users\anton\.m2\repository\org\springframework\boot\spring-boot-test\3.4.1\spring-boot-test-3.4.1.jar;C:\Users\anton\.m2\repository\org\springframework\boot\spring-boot-test-autoconfigure\3.4.1\spring-boot-test-autoconfigure-3.4.1.jar;C:\Users\anton\.m2\repository\com\jayway\jsonpath\json-path\2.9.0\json-path-2.9.0.jar;C:\Users\anton\.m2\repository\jakarta\xml\bind\jakarta.xml.bind-api\4.0.2\jakarta.xml.bind-api-4.0.2.jar;C:\Users\anton\.m2\repository\jakarta\activation\jakarta.activation-api\2.1.3\jakarta.activation-api-2.1.3.jar;C:\Users\anton\.m2\repository\net\minidev\json-smart\2.5.1\json-smart-2.5.1.jar;C:\Users\anton\.m2\repository\net\minidev\accessors-smart\2.5.1\accessors-smart-2.5.1.jar;C:\Users\anton\.m2\repository\org\assertj\assertj-core\3.26.3\assertj-core-3.26.3.jar;C:\Users\anton\.m2\repository\org\awaitility\awaitility\4.2.2\awaitility-4.2.2.jar;C:\Users\anton\.m2\repository\org\hamcrest\hamcrest\2.2\hamcrest-2.2.jar;C:\Users\anton\.m2\repository\org\junit\jupiter\junit-jupiter\5.11.4\junit-jupiter-5.11.4.jar;C:\Users\anton\.m2\repository\org\junit\jupiter\junit-jupiter-api\5.11.4\junit-jupiter-api-5.11.4.jar;C:\Users\anton\.m2\repository\org\opentest4j\opentest4j\1.3.0\opentest4j-1.3.0.jar;C:\Users\anton\.m2\repository\org\junit\platform\junit-platform-commons\1.11.4\junit-platform-commons-1.11.4.jar;C:\Users\anton\.m2\repository\org\apiguardian\apiguardian-api\1.1.2\apiguardian-api-1.1.2.jar;C:\Users\anton\.m2\repository\org\junit\jupiter\junit-jupiter-params\5.11.4\junit-jupiter-params-5.11.4.jar;C:\Users\anton\.m2\repository\org\junit\jupiter\junit-jupiter-engine\5.11.4\junit-jupiter-engine-5.11.4.jar;C:\Users\anton\.m2\repository\org\junit\platform\junit-platform-engine\1.11.4\junit-platform-engine-1.11.4.jar;C:\Users\anton\.m2\repository\org\mockito\mockito-core\5.14.2\mockito-core-5.14.2.jar;C:\Users\anton\.m2\repository\net\bytebuddy\byte-buddy-agent\1.15.11\byte-buddy-agent-1.15.11.jar;C:\Users\anton\.m2\repository\org\objenesis\objenesis\3.3\objenesis-3.3.jar;C:\Users\anton\.m2\repository\org\mockito\mockito-junit-jupiter\5.14.2\mockito-junit-jupiter-5.14.2.jar;C:\Users\anton\.m2\repository\org\skyscreamer\jsonassert\1.5.3\jsonassert-1.5.3.jar;C:\Users\anton\.m2\repository\com\vaadin\external\google\android-json\0.0.20131108.vaadin1\android-json-0.0.20131108.vaadin1.jar;C:\Users\anton\.m2\repository\org\springframework\spring-core\6.2.1\spring-core-6.2.1.jar;C:\Users\anton\.m2\repository\org\springframework\spring-jcl\6.2.1\spring-jcl-6.2.1.jar;C:\Users\anton\.m2\repository\org\springframework\spring-test\6.2.1\spring-test-6.2.1.jar;C:\Users\anton\.m2\repository\org\xmlunit\xmlunit-core\2.10.0\xmlunit-core-2.10.0.jar;C:\Users\anton\.m2\repository\junit\junit\4.13.2\junit-4.13.2.jar;C:\Users\anton\.m2\repository\org\hamcrest\hamcrest-core\2.2\hamcrest-core-2.2.jar;C:\Users\anton\.m2\repository\jakarta\validation\jakarta.validation-api\3.0.2\jakarta.validation-api-3.0.2.jar;C:\Users\anton\.m2\repository\com\googlecode\json-simple\json-simple\1.1.1\json-simple-1.1.1.jar;C:\Users\anton\.m2\repository\commons-io\commons-io\2.8.0\commons-io-2.8.0.jar;C:\Users\anton\.m2\repository\org\jacoco\jacoco-maven-plugin\0.8.12\jacoco-maven-plugin-0.8.12.jar;C:\Users\anton\.m2\repository\org\codehaus\plexus\plexus-utils\3.0.24\plexus-utils-3.0.24.jar;C:\Users\anton\.m2\repository\org\apache\maven\shared\file-management\3.1.0\file-management-3.1.0.jar;C:\Users\anton\.m2\repository\org\apache\maven\reporting\maven-reporting-api\3.0\maven-reporting-api-3.0.jar;C:\Users\anton\.m2\repository\org\apache\maven\doxia\doxia-sink-api\1.0\doxia-sink-api-1.0.jar;C:\Users\anton\.m2\repository\org\jacoco\org.jacoco.agent\0.8.12\org.jacoco.agent-0.8.12-runtime.jar;C:\Users\anton\.m2\repository\org\jacoco\org.jacoco.core\0.8.12\org.jacoco.core-0.8.12.jar;C:\Users\anton\.m2\repository\org\ow2\asm\asm\9.7\asm-9.7.jar;C:\Users\anton\.m2\repository\org\ow2\asm\asm-commons\9.7\asm-commons-9.7.jar;C:\Users\anton\.m2\repository\org\ow2\asm\asm-tree\9.7\asm-tree-9.7.jar;C:\Users\anton\.m2\repository\org\jacoco\org.jacoco.report\0.8.12\org.jacoco.report-0.8.12.jar;C:\Users\anton\.m2\repository\org\apache\maven\plugins\maven-surefire-plugin\3.5.2\maven-surefire-plugin-3.5.2.jar;C:\Users\anton\.m2\repository\org\apache\maven\surefire\surefire-api\3.5.2\surefire-api-3.5.2.jar;C:\Users\anton\.m2\repository\org\apache\maven\surefire\surefire-logger-api\3.5.2\surefire-logger-api-3.5.2.jar;C:\Users\anton\.m2\repository\org\apache\maven\surefire\surefire-shared-utils\3.5.2\surefire-shared-utils-3.5.2.jar;C:\Users\anton\.m2\repository\org\apache\maven\surefire\surefire-extensions-api\3.5.2\surefire-extensions-api-3.5.2.jar;C:\Users\anton\.m2\repository\org\apache\maven\surefire\maven-surefire-common\3.5.2\maven-surefire-common-3.5.2.jar;C:\Users\anton\.m2\repository\org\apache\maven\surefire\surefire-booter\3.5.2\surefire-booter-3.5.2.jar;C:\Users\anton\.m2\repository\org\apache\maven\surefire\surefire-extensions-spi\3.5.2\surefire-extensions-spi-3.5.2.jar;C:\Users\anton\.m2\repository\org\apache\maven\resolver\maven-resolver-util\1.4.1\maven-resolver-util-1.4.1.jar;C:\Users\anton\.m2\repository\org\apache\maven\resolver\maven-resolver-api\1.4.1\maven-resolver-api-1.4.1.jar;C:\Users\anton\.m2\repository\org\apache\maven\shared\maven-common-artifact-filters\3.4.0\maven-common-artifact-filters-3.4.0.jar;C:\Users\anton\.m2\repository\org\codehaus\plexus\plexus-java\1.3.0\plexus-java-1.3.0.jar;C:\Users\anton\.m2\repository\com\thoughtworks\qdox\qdox\2.1.0\qdox-2.1.0.jar;C:\Users\anton\.m2\repository\org\jboss\logging\jboss-logging\3.6.1.Final\jboss-logging-3.6.1.Final.jar;C:\Users\anton\.m2\repository\org\springframework\boot\spring-boot-starter-actuator\3.4.1\spring-boot-starter-actuator-3.4.1.jar;C:\Users\anton\.m2\repository\org\springframework\boot\spring-boot-actuator-autoconfigure\3.4.1\spring-boot-actuator-autoconfigure-3.4.1.jar;C:\Users\anton\.m2\repository\org\springframework\boot\spring-boot-actuator\3.4.1\spring-boot-actuator-3.4.1.jar;C:\Users\anton\.m2\repository\io\micrometer\micrometer-observation\1.14.2\micrometer-observation-1.14.2.jar;C:\Users\anton\.m2\repository\io\micrometer\micrometer-commons\1.14.2\micrometer-commons-1.14.2.jar;C:\Users\anton\.m2\repository\io\micrometer\micrometer-jakarta9\1.14.2\micrometer-jakarta9-1.14.2.jar;C:\Users\anton\.m2\repository\io\micrometer\micrometer-core\1.14.2\micrometer-core-1.14.2.jar;C:\Users\anton\.m2\repository\org\hdrhistogram\HdrHistogram\2.2.2\HdrHistogram-2.2.2.jar;C:\Users\anton\.m2\repository\org\latencyutils\LatencyUtils\2.0.3\LatencyUtils-2.0.3.jar;C:\Users\anton\.m2\repository\org\hibernate\validator\hibernate-validator\8.0.2.Final\hibernate-validator-8.0.2.Final.jar;C:\Users\anton\.m2\repository\com\fasterxml\classmate\1.7.0\classmate-1.7.0.jar;C:\Users\anton\.m2\repository\org\glassfish\jakarta.el\5.0.0-M1\jakarta.el-5.0.0-M1.jar;C:\Users\anton\.m2\repository\jakarta\el\jakarta.el-api\5.0.0\jakarta.el-api-5.0.0.jar;"/>
    <property name="sun.cpu.endian" value="little"/>
    <property name="user.home" value="C:\Users\anton"/>
    <property name="user.language" value="it"/>
    <property name="java.specification.vendor" value="Oracle Corporation"/>
    <property name="java.version.date" value="2024-10-15"/>
    <property name="java.home" value="C:\Program Files\Java\jdk-23"/>
    <property name="file.separator" value="\"/>
    <property name="basedir" value="C:\Users\anton\IdeaProjects\Bibliotet3"/>
    <property name="java.vm.compressedOopsMode" value="Zero based"/>
    <property name="line.separator" value="&#10;"/>
    <property name="java.vm.specification.vendor" value="Oracle Corporation"/>
    <property name="java.specification.name" value="Java Platform API Specification"/>
    <property name="FILE_LOG_CHARSET" value="UTF-8"/>
    <property name="java.awt.headless" value="true"/>
    <property name="surefire.real.class.path" value="C:\Users\anton\AppData\Local\Temp\surefire2576266347971769043\surefirebooter11423826616555176608.jar"/>
    <property name="user.script" value=""/>
    <property name="sun.management.compiler" value="HotSpot 64-Bit Tiered Compilers"/>
    <property name="java.runtime.version" value="23.0.1+11-39"/>
    <property name="user.name" value="anton"/>
    <property name="stdout.encoding" value="Cp1252"/>
    <property name="path.separator" value=";"/>
    <property name="os.version" value="10.0"/>
    <property name="java.runtime.name" value="Java(TM) SE Runtime Environment"/>
    <property name="file.encoding" value="UTF-8"/>
    <property name="java.vm.name" value="Java HotSpot(TM) 64-Bit Server VM"/>
    <property name="localRepository" value="C:\Users\anton\.m2\repository"/>
    <property name="java.vendor.url.bug" value="https://bugreport.java.com/bugreport/"/>
    <property name="java.io.tmpdir" value="C:\Users\anton\AppData\Local\Temp\"/>
    <property name="com.zaxxer.hikari.pool_number" value="7"/>
    <property name="java.version" value="23.0.1"/>
    <property name="user.dir" value="C:\Users\anton\IdeaProjects\Bibliotet3"/>
    <property name="os.arch" value="amd64"/>
    <property name="java.vm.specification.name" value="Java Virtual Machine Specification"/>
    <property name="PID" value="23276"/>
    <property name="sun.os.patch.level" value=""/>
    <property name="CONSOLE_LOG_CHARSET" value="UTF-8"/>
    <property name="native.encoding" value="Cp1252"/>
    <property name="java.library.path" value="C:\Program Files\Java\jdk-23\bin;C:\WINDOWS\Sun\Java\bin;C:\WINDOWS\system32;C:\WINDOWS;C:\Program Files\Common Files\Oracle\Java\javapath;C:\Program Files (x86)\Common Files\Oracle\Java\java8path;C:\Program Files (x86)\Common Files\Oracle\Java\javapath;C:\Windows\system32;C:\Windows;C:\Windows\System32\Wbem;C:\Windows\System32\WindowsPowerShell\v1.0\;C:\Windows\System32\OpenSSH\;C:\Program Files (x86)\NVIDIA Corporation\PhysX\Common;C:\Program Files\NVIDIA Corporation\NVIDIA NvDLISR;C:\Program Files\Java\jdk-21\bin;C:\Program Files\dotnet\;C:\MinGW\bin;C:\WINDOWS\system32;C:\WINDOWS;C:\WINDOWS\System32\Wbem;C:\WINDOWS\System32\WindowsPowerShell\v1.0\;C:\WINDOWS\System32\OpenSSH\;C:\Program Files\Git\bin;C:\Program Files\Git\cmd;C:\Users\anton\AppData\Local\Programs\Python\Launcher\;C:\Users\anton\AppData\Local\Microsoft\WindowsApps;C:\Users\anton\AppData\Local\Programs\Microsoft VS Code\bin;C:\Users\anton\.dotnet\tools;C:\Program Files (x86)\Apache Software Foundation\apache-maven-3.9.9\bin;C:\flutter\bin;;."/>
    <property name="java.vm.info" value="mixed mode, sharing"/>
    <property name="stderr.encoding" value="Cp1252"/>
    <property name="java.vendor" value="Oracle Corporation"/>
    <property name="java.vm.version" value="23.0.1+11-39"/>
    <property name="sun.io.unicode.encoding" value="UnicodeLittle"/>
    <property name="java.class.version" value="67.0"/>
  </properties>
  <testcase name="logout" classname="it.unisa.biblionet.autenticazione.controller.AutenticazioneControllerIntegrationTest" time="19.648">
    <system-out><![CDATA[2025-01-20T23:17:43.075+01:00  INFO 23276 --- [           main] o.s.b.d.r.RestartApplicationListener     : Restart disabled due to context in which it is running

  .   ____          _            __ _ _
 /\\ / ___'_ __ _ _(_)_ __  __ _ \ \ \ \
( ( )\___ | '_ | '_| | '_ \/ _` | \ \ \ \
 \\/  ___)| |_)| | | | | || (_| |  ) ) ) )
  '  |____| .__|_| |_|_| |_\__, | / / / /
 =========|_|==============|___/=/_/_/_/

 :: Spring Boot ::                (v3.4.1)

2025-01-20T23:17:43.126+01:00  INFO 23276 --- [           main] .AutenticazioneControllerIntegrationTest : Starting AutenticazioneControllerIntegrationTest using Java 23.0.1 with PID 23276 (started by anton in C:\Users\anton\IdeaProjects\Bibliotet3)
2025-01-20T23:17:43.126+01:00  INFO 23276 --- [           main] .AutenticazioneControllerIntegrationTest : No active profile set, falling back to 1 default profile: "default"
2025-01-20T23:17:43.657+01:00  INFO 23276 --- [           main] .s.d.r.c.RepositoryConfigurationDelegate : Bootstrapping Spring Data JPA repositories in DEFAULT mode.
2025-01-20T23:17:43.748+01:00  INFO 23276 --- [           main] .s.d.r.c.RepositoryConfigurationDelegate : Finished Spring Data repository scanning in 88 ms. Found 15 JPA repository interfaces.
2025-01-20T23:17:43.987+01:00  INFO 23276 --- [           main] com.zaxxer.hikari.HikariDataSource       : HikariPool-5 - Starting...
2025-01-20T23:17:43.990+01:00  INFO 23276 --- [           main] com.zaxxer.hikari.pool.HikariPool        : HikariPool-5 - Added connection conn40: url=jdbc:h2:mem:db user=SA
2025-01-20T23:17:43.991+01:00  INFO 23276 --- [           main] com.zaxxer.hikari.HikariDataSource       : HikariPool-5 - Start completed.
2025-01-20T23:17:44.023+01:00  INFO 23276 --- [           main] o.hibernate.jpa.internal.util.LogHelper  : HHH000204: Processing PersistenceUnitInfo [name: default]
2025-01-20T23:17:44.029+01:00  INFO 23276 --- [           main] o.h.c.internal.RegionFactoryInitiator    : HHH000026: Second-level cache disabled
2025-01-20T23:17:44.063+01:00  INFO 23276 --- [           main] o.s.o.j.p.SpringPersistenceUnitInfo      : No LoadTimeWeaver setup: ignoring JPA class transformer
2025-01-20T23:17:44.067+01:00  INFO 23276 --- [           main] org.hibernate.orm.connections.pooling    : HHH10001005: Database info:
	Database JDBC URL [Connecting through datasource 'HikariDataSource (HikariPool-5)']
	Database driver: undefined/unknown
	Database version: 2.3.232
	Autocommit mode: undefined/unknown
	Isolation level: undefined/unknown
	Minimum pool size: undefined/unknown
	Maximum pool size: undefined/unknown
2025-01-20T23:17:44.600+01:00  INFO 23276 --- [           main] o.h.e.t.j.p.i.JtaPlatformInitiator       : HHH000489: No JTA platform available (set 'hibernate.transaction.jta.platform' to enable JTA platform integration)
2025-01-20T23:17:44.657+01:00  INFO 23276 --- [           main] j.LocalContainerEntityManagerFactoryBean : Initialized JPA EntityManagerFactory for persistence unit 'default'
2025-01-20T23:17:45.235+01:00  WARN 23276 --- [           main] JpaBaseConfiguration$JpaWebConfiguration : spring.jpa.open-in-view is enabled by default. Therefore, database queries may be performed during view rendering. Explicitly configure spring.jpa.open-in-view to disable this warning
2025-01-20T23:17:45.271+01:00  INFO 23276 --- [           main] o.s.b.a.w.s.WelcomePageHandlerMapping    : Adding welcome page template: index
2025-01-20T23:17:45.945+01:00  INFO 23276 --- [           main] o.s.b.t.m.w.SpringBootMockServletContext : Initializing Spring TestDispatcherServlet ''
2025-01-20T23:17:45.945+01:00  INFO 23276 --- [           main] o.s.t.web.servlet.TestDispatcherServlet  : Initializing Servlet ''
2025-01-20T23:17:45.952+01:00  INFO 23276 --- [           main] o.s.b.a.e.web.EndpointLinksResolver      : Exposing 1 endpoint beneath base path '/actuator'
2025-01-20T23:17:45.969+01:00  INFO 23276 --- [           main] o.s.t.web.servlet.TestDispatcherServlet  : Completed initialization in 24 ms
2025-01-20T23:17:46.009+01:00  INFO 23276 --- [           main] .AutenticazioneControllerIntegrationTest : Started AutenticazioneControllerIntegrationTest in 2.935 seconds (process running for 99.509)
2025-01-20T23:17:46.020+01:00  INFO 23276 --- [           main] i.unisa.biblionet.BiblionetApplication   : ***************************INIZIALIZZAZIONE DI BIBLIONET IN CORSO...***************************
2025-01-20T23:17:46.043+01:00  INFO 23276 --- [           main] i.unisa.biblionet.BiblionetApplication   : *************************** Biblioteche create 1/9 ***************************
2025-01-20T23:17:46.090+01:00  INFO 23276 --- [           main] i.unisa.biblionet.BiblionetApplication   : *************************** Esperti creati 2/9 ***************************
2025-01-20T23:17:46.101+01:00  INFO 23276 --- [           main] i.unisa.biblionet.BiblionetApplication   : *************************** Esperti creati 3/9 ***************************
2025-01-20T23:17:46.123+01:00  INFO 23276 --- [           main] i.unisa.biblionet.BiblionetApplication   : *************************** Generi creati 4/9 ***************************
2025-01-20T23:17:46.123+01:00  INFO 23276 --- [           main] i.unisa.biblionet.BiblionetApplication   : *************************** Caricamento libro 1/41 ***************************
2025-01-20T23:17:46.766+01:00  INFO 23276 --- [           main] i.unisa.biblionet.BiblionetApplication   : *************************** Caricamento libro 2/41 ***************************
2025-01-20T23:17:47.274+01:00  INFO 23276 --- [           main] i.unisa.biblionet.BiblionetApplication   : *************************** Caricamento libro 3/41 ***************************
2025-01-20T23:17:47.759+01:00  INFO 23276 --- [           main] i.unisa.biblionet.BiblionetApplication   : *************************** Caricamento libro 4/41 ***************************
2025-01-20T23:17:48.242+01:00  INFO 23276 --- [           main] i.unisa.biblionet.BiblionetApplication   : *************************** Caricamento libro 5/41 ***************************
2025-01-20T23:17:48.721+01:00  INFO 23276 --- [           main] i.unisa.biblionet.BiblionetApplication   : *************************** Caricamento libro 6/41 ***************************
2025-01-20T23:17:49.215+01:00  INFO 23276 --- [           main] i.unisa.biblionet.BiblionetApplication   : *************************** Caricamento libro 7/41 ***************************
2025-01-20T23:17:49.700+01:00  INFO 23276 --- [           main] i.unisa.biblionet.BiblionetApplication   : *************************** Caricamento libro 8/41 ***************************
2025-01-20T23:17:49.955+01:00  INFO 23276 --- [           main] i.unisa.biblionet.BiblionetApplication   : *************************** Caricamento libro 9/41 ***************************
2025-01-20T23:17:50.438+01:00  INFO 23276 --- [           main] i.unisa.biblionet.BiblionetApplication   : *************************** Caricamento libro 10/41 ***************************
2025-01-20T23:17:50.676+01:00  INFO 23276 --- [           main] i.unisa.biblionet.BiblionetApplication   : *************************** Caricamento libro 11/41 ***************************
2025-01-20T23:17:51.139+01:00  INFO 23276 --- [           main] i.unisa.biblionet.BiblionetApplication   : *************************** Caricamento libro 12/41 ***************************
2025-01-20T23:17:51.618+01:00  INFO 23276 --- [           main] i.unisa.biblionet.BiblionetApplication   : *************************** Caricamento libro 13/41 ***************************
2025-01-20T23:17:52.125+01:00  INFO 23276 --- [           main] i.unisa.biblionet.BiblionetApplication   : *************************** Caricamento libro 14/41 ***************************
2025-01-20T23:17:52.367+01:00  INFO 23276 --- [           main] i.unisa.biblionet.BiblionetApplication   : *************************** Caricamento libro 15/41 ***************************
2025-01-20T23:17:52.818+01:00  INFO 23276 --- [           main] i.unisa.biblionet.BiblionetApplication   : *************************** Caricamento libro 16/41 ***************************
2025-01-20T23:17:53.314+01:00  INFO 23276 --- [           main] i.unisa.biblionet.BiblionetApplication   : *************************** Caricamento libro 17/41 ***************************
2025-01-20T23:17:53.795+01:00  INFO 23276 --- [           main] i.unisa.biblionet.BiblionetApplication   : *************************** Caricamento libro 18/41 ***************************
2025-01-20T23:17:54.299+01:00  INFO 23276 --- [           main] i.unisa.biblionet.BiblionetApplication   : *************************** Caricamento libro 19/41 ***************************
2025-01-20T23:17:54.837+01:00  INFO 23276 --- [           main] i.unisa.biblionet.BiblionetApplication   : *************************** Caricamento libro 20/41 ***************************
2025-01-20T23:17:55.334+01:00  INFO 23276 --- [           main] i.unisa.biblionet.BiblionetApplication   : *************************** Caricamento libro 21/41 ***************************
2025-01-20T23:17:55.867+01:00  INFO 23276 --- [           main] i.unisa.biblionet.BiblionetApplication   : *************************** Caricamento libro 22/41 ***************************
2025-01-20T23:17:56.333+01:00  INFO 23276 --- [           main] i.unisa.biblionet.BiblionetApplication   : *************************** Caricamento libro 23/41 ***************************
2025-01-20T23:17:56.848+01:00  INFO 23276 --- [           main] i.unisa.biblionet.BiblionetApplication   : *************************** Caricamento libro 24/41 ***************************
2025-01-20T23:17:57.099+01:00  INFO 23276 --- [           main] i.unisa.biblionet.BiblionetApplication   : *************************** Caricamento libro 25/41 ***************************
2025-01-20T23:17:57.590+01:00  INFO 23276 --- [           main] i.unisa.biblionet.BiblionetApplication   : *************************** Caricamento libro 26/41 ***************************
2025-01-20T23:17:58.064+01:00  INFO 23276 --- [           main] i.unisa.biblionet.BiblionetApplication   : *************************** Caricamento libro 27/41 ***************************
2025-01-20T23:17:58.557+01:00  INFO 23276 --- [           main] i.unisa.biblionet.BiblionetApplication   : *************************** Caricamento libro 28/41 ***************************
2025-01-20T23:17:58.800+01:00  INFO 23276 --- [           main] i.unisa.biblionet.BiblionetApplication   : *************************** Caricamento libro 29/41 ***************************
2025-01-20T23:17:59.298+01:00  INFO 23276 --- [           main] i.unisa.biblionet.BiblionetApplication   : *************************** Caricamento libro 30/41 ***************************
2025-01-20T23:17:59.836+01:00  INFO 23276 --- [           main] i.unisa.biblionet.BiblionetApplication   : *************************** Caricamento libro 31/41 ***************************
2025-01-20T23:18:00.336+01:00  INFO 23276 --- [           main] i.unisa.biblionet.BiblionetApplication   : *************************** Caricamento libro 32/41 ***************************
2025-01-20T23:18:00.859+01:00  INFO 23276 --- [           main] i.unisa.biblionet.BiblionetApplication   : *************************** Caricamento libro 33/41 ***************************
2025-01-20T23:18:01.341+01:00  INFO 23276 --- [           main] i.unisa.biblionet.BiblionetApplication   : *************************** Caricamento libro 34/41 ***************************
2025-01-20T23:18:01.830+01:00  INFO 23276 --- [           main] i.unisa.biblionet.BiblionetApplication   : *************************** Caricamento libro 35/41 ***************************
2025-01-20T23:18:02.083+01:00  INFO 23276 --- [           main] i.unisa.biblionet.BiblionetApplication   : *************************** Caricamento libro 36/41 ***************************
2025-01-20T23:18:02.604+01:00  INFO 23276 --- [           main] i.unisa.biblionet.BiblionetApplication   : *************************** Caricamento libro 37/41 ***************************
2025-01-20T23:18:03.119+01:00  INFO 23276 --- [           main] i.unisa.biblionet.BiblionetApplication   : *************************** Caricamento libro 38/41 ***************************
2025-01-20T23:18:03.570+01:00  INFO 23276 --- [           main] i.unisa.biblionet.BiblionetApplication   : *************************** Caricamento libro 39/41 ***************************
2025-01-20T23:18:04.037+01:00  INFO 23276 --- [           main] i.unisa.biblionet.BiblionetApplication   : *************************** Caricamento libro 40/41 ***************************
2025-01-20T23:18:04.513+01:00  INFO 23276 --- [           main] i.unisa.biblionet.BiblionetApplication   : *************************** Caricamento libro 41/41 ***************************
2025-01-20T23:18:05.027+01:00  INFO 23276 --- [           main] i.unisa.biblionet.BiblionetApplication   : *************************** Libri creati 5/9 ***************************
2025-01-20T23:18:05.027+01:00  INFO 23276 --- [           main] i.unisa.biblionet.BiblionetApplication   : *************************** Inserimento Possessi biblioteca 1/10 ***************************
2025-01-20T23:18:05.032+01:00  INFO 23276 --- [           main] i.unisa.biblionet.BiblionetApplication   : *************************** Inserimento Possessi biblioteca 2/10 ***************************
2025-01-20T23:18:05.035+01:00  INFO 23276 --- [           main] i.unisa.biblionet.BiblionetApplication   : *************************** Inserimento Possessi biblioteca 3/10 ***************************
2025-01-20T23:18:05.040+01:00  INFO 23276 --- [           main] i.unisa.biblionet.BiblionetApplication   : *************************** Inserimento Possessi biblioteca 4/10 ***************************
2025-01-20T23:18:05.043+01:00  INFO 23276 --- [           main] i.unisa.biblionet.BiblionetApplication   : *************************** Inserimento Possessi biblioteca 5/10 ***************************
2025-01-20T23:18:05.048+01:00  INFO 23276 --- [           main] i.unisa.biblionet.BiblionetApplication   : *************************** Inserimento Possessi biblioteca 6/10 ***************************
2025-01-20T23:18:05.051+01:00  INFO 23276 --- [           main] i.unisa.biblionet.BiblionetApplication   : *************************** Inserimento Possessi biblioteca 7/10 ***************************
2025-01-20T23:18:05.055+01:00  INFO 23276 --- [           main] i.unisa.biblionet.BiblionetApplication   : *************************** Inserimento Possessi biblioteca 8/10 ***************************
2025-01-20T23:18:05.061+01:00  INFO 23276 --- [           main] i.unisa.biblionet.BiblionetApplication   : *************************** Inserimento Possessi biblioteca 9/10 ***************************
2025-01-20T23:18:05.065+01:00  INFO 23276 --- [           main] i.unisa.biblionet.BiblionetApplication   : *************************** Inserimento Possessi biblioteca 10/10 ***************************
2025-01-20T23:18:05.071+01:00  INFO 23276 --- [           main] i.unisa.biblionet.BiblionetApplication   : *************************** Possessi creati 6/9 ***************************
2025-01-20T23:18:05.081+01:00  INFO 23276 --- [           main] i.unisa.biblionet.BiblionetApplication   : *************************** Ticket creati 7/9 ***************************
2025-01-20T23:18:05.099+01:00  INFO 23276 --- [           main] i.unisa.biblionet.BiblionetApplication   : *************************** Club del Libro creati 8/9 ***************************
2025-01-20T23:18:05.105+01:00  INFO 23276 --- [           main] i.unisa.biblionet.BiblionetApplication   : *************************** Eventi creati 9/9 ***************************
2025-01-20T23:18:05.105+01:00  INFO 23276 --- [           main] i.unisa.biblionet.BiblionetApplication   : *************************** Recensioni create 3/3 ***************************
2025-01-20T23:18:05.111+01:00  INFO 23276 --- [           main] i.unisa.biblionet.BiblionetApplication   : *************************** DomandeBot create 4/4 ***************************
2025-01-20T23:18:05.113+01:00  INFO 23276 --- [           main] i.unisa.biblionet.BiblionetApplication   : *************************** DomandeBot create 4/4 ***************************
2025-01-20T23:18:05.120+01:00  INFO 23276 --- [           main] i.unisa.biblionet.BiblionetApplication   : *************************** RipsotaBot create 1/5 ***************************
2025-01-20T23:18:05.128+01:00  INFO 23276 --- [           main] i.unisa.biblionet.BiblionetApplication   : *************************** RispostaBot create 2/5 ***************************
2025-01-20T23:18:05.131+01:00  INFO 23276 --- [           main] i.unisa.biblionet.BiblionetApplication   : *************************** RispostaBot create 3/5 ***************************
2025-01-20T23:18:05.133+01:00  INFO 23276 --- [           main] i.unisa.biblionet.BiblionetApplication   : *************************** RispostaBot create 4/5 ***************************
2025-01-20T23:18:05.134+01:00  INFO 23276 --- [           main] i.unisa.biblionet.BiblionetApplication   : *************************** RispostaBot create 5/5 ***************************
2025-01-20T23:18:05.559+01:00  INFO 23276 --- [           main] i.unisa.biblionet.BiblionetApplication   : *************************** INIZIALIZZAZIONE DI BIBLIONET TERMINATA ***************************
2025-01-20T23:18:05.651+01:00  INFO 23276 --- [           main] j.LocalContainerEntityManagerFactoryBean : Closing JPA EntityManagerFactory for persistence unit 'default'
2025-01-20T23:18:05.655+01:00  INFO 23276 --- [           main] com.zaxxer.hikari.HikariDataSource       : HikariPool-5 - Shutdown initiated...
2025-01-20T23:18:05.659+01:00  INFO 23276 --- [           main] com.zaxxer.hikari.HikariDataSource       : HikariPool-5 - Shutdown completed.
]]></system-out>
  </testcase>
  <testcase name="login(String, String, UtenteRegistrato)[1]" classname="it.unisa.biblionet.autenticazione.controller.AutenticazioneControllerIntegrationTest" time="20.306">
    <system-out><![CDATA[2025-01-20T23:18:05.667+01:00  INFO 23276 --- [           main] o.s.b.d.r.RestartApplicationListener     : Restart disabled due to context in which it is running

  .   ____          _            __ _ _
 /\\ / ___'_ __ _ _(_)_ __  __ _ \ \ \ \
( ( )\___ | '_ | '_| | '_ \/ _` | \ \ \ \
 \\/  ___)| |_)| | | | | || (_| |  ) ) ) )
  '  |____| .__|_| |_|_| |_\__, | / / / /
 =========|_|==============|___/=/_/_/_/

 :: Spring Boot ::                (v3.4.1)

2025-01-20T23:18:05.705+01:00  INFO 23276 --- [           main] .AutenticazioneControllerIntegrationTest : Starting AutenticazioneControllerIntegrationTest using Java 23.0.1 with PID 23276 (started by anton in C:\Users\anton\IdeaProjects\Bibliotet3)
2025-01-20T23:18:05.705+01:00  INFO 23276 --- [           main] .AutenticazioneControllerIntegrationTest : No active profile set, falling back to 1 default profile: "default"
2025-01-20T23:18:06.078+01:00  INFO 23276 --- [           main] .s.d.r.c.RepositoryConfigurationDelegate : Bootstrapping Spring Data JPA repositories in DEFAULT mode.
2025-01-20T23:18:06.168+01:00  INFO 23276 --- [           main] .s.d.r.c.RepositoryConfigurationDelegate : Finished Spring Data repository scanning in 88 ms. Found 15 JPA repository interfaces.
2025-01-20T23:18:06.309+01:00  INFO 23276 --- [           main] com.zaxxer.hikari.HikariDataSource       : HikariPool-6 - Starting...
2025-01-20T23:18:06.311+01:00  INFO 23276 --- [           main] com.zaxxer.hikari.pool.HikariPool        : HikariPool-6 - Added connection conn50: url=jdbc:h2:mem:db user=SA
2025-01-20T23:18:06.312+01:00  INFO 23276 --- [           main] com.zaxxer.hikari.HikariDataSource       : HikariPool-6 - Start completed.
2025-01-20T23:18:06.356+01:00  INFO 23276 --- [           main] o.hibernate.jpa.internal.util.LogHelper  : HHH000204: Processing PersistenceUnitInfo [name: default]
2025-01-20T23:18:06.360+01:00  INFO 23276 --- [           main] o.h.c.internal.RegionFactoryInitiator    : HHH000026: Second-level cache disabled
2025-01-20T23:18:06.415+01:00  INFO 23276 --- [           main] o.s.o.j.p.SpringPersistenceUnitInfo      : No LoadTimeWeaver setup: ignoring JPA class transformer
2025-01-20T23:18:06.417+01:00  INFO 23276 --- [           main] org.hibernate.orm.connections.pooling    : HHH10001005: Database info:
	Database JDBC URL [Connecting through datasource 'HikariDataSource (HikariPool-6)']
	Database driver: undefined/unknown
	Database version: 2.3.232
	Autocommit mode: undefined/unknown
	Isolation level: undefined/unknown
	Minimum pool size: undefined/unknown
	Maximum pool size: undefined/unknown
2025-01-20T23:18:06.787+01:00  INFO 23276 --- [           main] o.h.e.t.j.p.i.JtaPlatformInitiator       : HHH000489: No JTA platform available (set 'hibernate.transaction.jta.platform' to enable JTA platform integration)
2025-01-20T23:18:06.818+01:00  INFO 23276 --- [           main] j.LocalContainerEntityManagerFactoryBean : Initialized JPA EntityManagerFactory for persistence unit 'default'
2025-01-20T23:18:07.174+01:00  WARN 23276 --- [           main] JpaBaseConfiguration$JpaWebConfiguration : spring.jpa.open-in-view is enabled by default. Therefore, database queries may be performed during view rendering. Explicitly configure spring.jpa.open-in-view to disable this warning
2025-01-20T23:18:07.200+01:00  INFO 23276 --- [           main] o.s.b.a.w.s.WelcomePageHandlerMapping    : Adding welcome page template: index
2025-01-20T23:18:07.649+01:00  INFO 23276 --- [           main] o.s.b.t.m.w.SpringBootMockServletContext : Initializing Spring TestDispatcherServlet ''
2025-01-20T23:18:07.649+01:00  INFO 23276 --- [           main] o.s.t.web.servlet.TestDispatcherServlet  : Initializing Servlet ''
2025-01-20T23:18:07.653+01:00  INFO 23276 --- [           main] o.s.b.a.e.web.EndpointLinksResolver      : Exposing 1 endpoint beneath base path '/actuator'
2025-01-20T23:18:07.663+01:00  INFO 23276 --- [           main] o.s.t.web.servlet.TestDispatcherServlet  : Completed initialization in 14 ms
2025-01-20T23:18:07.691+01:00  INFO 23276 --- [           main] .AutenticazioneControllerIntegrationTest : Started AutenticazioneControllerIntegrationTest in 2.026 seconds (process running for 121.191)
2025-01-20T23:18:07.700+01:00  INFO 23276 --- [           main] i.unisa.biblionet.BiblionetApplication   : ***************************INIZIALIZZAZIONE DI BIBLIONET IN CORSO...***************************
2025-01-20T23:18:07.713+01:00  INFO 23276 --- [           main] i.unisa.biblionet.BiblionetApplication   : *************************** Biblioteche create 1/9 ***************************
2025-01-20T23:18:07.733+01:00  INFO 23276 --- [           main] i.unisa.biblionet.BiblionetApplication   : *************************** Esperti creati 2/9 ***************************
2025-01-20T23:18:07.742+01:00  INFO 23276 --- [           main] i.unisa.biblionet.BiblionetApplication   : *************************** Esperti creati 3/9 ***************************
2025-01-20T23:18:07.753+01:00  INFO 23276 --- [           main] i.unisa.biblionet.BiblionetApplication   : *************************** Generi creati 4/9 ***************************
2025-01-20T23:18:07.755+01:00  INFO 23276 --- [           main] i.unisa.biblionet.BiblionetApplication   : *************************** Caricamento libro 1/41 ***************************
2025-01-20T23:18:08.287+01:00  INFO 23276 --- [           main] i.unisa.biblionet.BiblionetApplication   : *************************** Caricamento libro 2/41 ***************************
2025-01-20T23:18:08.750+01:00  INFO 23276 --- [           main] i.unisa.biblionet.BiblionetApplication   : *************************** Caricamento libro 3/41 ***************************
2025-01-20T23:18:09.240+01:00  INFO 23276 --- [           main] i.unisa.biblionet.BiblionetApplication   : *************************** Caricamento libro 4/41 ***************************
2025-01-20T23:18:09.881+01:00  INFO 23276 --- [           main] i.unisa.biblionet.BiblionetApplication   : *************************** Caricamento libro 5/41 ***************************
2025-01-20T23:18:10.380+01:00  INFO 23276 --- [           main] i.unisa.biblionet.BiblionetApplication   : *************************** Caricamento libro 6/41 ***************************
2025-01-20T23:18:10.906+01:00  INFO 23276 --- [           main] i.unisa.biblionet.BiblionetApplication   : *************************** Caricamento libro 7/41 ***************************
2025-01-20T23:18:11.382+01:00  INFO 23276 --- [           main] i.unisa.biblionet.BiblionetApplication   : *************************** Caricamento libro 8/41 ***************************
2025-01-20T23:18:11.628+01:00  INFO 23276 --- [           main] i.unisa.biblionet.BiblionetApplication   : *************************** Caricamento libro 9/41 ***************************
2025-01-20T23:18:12.138+01:00  INFO 23276 --- [           main] i.unisa.biblionet.BiblionetApplication   : *************************** Caricamento libro 10/41 ***************************
2025-01-20T23:18:12.380+01:00  INFO 23276 --- [           main] i.unisa.biblionet.BiblionetApplication   : *************************** Caricamento libro 11/41 ***************************
2025-01-20T23:18:12.856+01:00  INFO 23276 --- [           main] i.unisa.biblionet.BiblionetApplication   : *************************** Caricamento libro 12/41 ***************************
2025-01-20T23:18:13.351+01:00  INFO 23276 --- [           main] i.unisa.biblionet.BiblionetApplication   : *************************** Caricamento libro 13/41 ***************************
2025-01-20T23:18:13.881+01:00  INFO 23276 --- [           main] i.unisa.biblionet.BiblionetApplication   : *************************** Caricamento libro 14/41 ***************************
2025-01-20T23:18:14.163+01:00  INFO 23276 --- [           main] i.unisa.biblionet.BiblionetApplication   : *************************** Caricamento libro 15/41 ***************************
2025-01-20T23:18:14.668+01:00  INFO 23276 --- [           main] i.unisa.biblionet.BiblionetApplication   : *************************** Caricamento libro 16/41 ***************************
2025-01-20T23:18:15.161+01:00  INFO 23276 --- [           main] i.unisa.biblionet.BiblionetApplication   : *************************** Caricamento libro 17/41 ***************************
2025-01-20T23:18:15.761+01:00  INFO 23276 --- [           main] i.unisa.biblionet.BiblionetApplication   : *************************** Caricamento libro 18/41 ***************************
2025-01-20T23:18:16.435+01:00  INFO 23276 --- [           main] i.unisa.biblionet.BiblionetApplication   : *************************** Caricamento libro 19/41 ***************************
2025-01-20T23:18:17.025+01:00  INFO 23276 --- [           main] i.unisa.biblionet.BiblionetApplication   : *************************** Caricamento libro 20/41 ***************************
2025-01-20T23:18:17.566+01:00  INFO 23276 --- [           main] i.unisa.biblionet.BiblionetApplication   : *************************** Caricamento libro 21/41 ***************************
2025-01-20T23:18:18.146+01:00  INFO 23276 --- [           main] i.unisa.biblionet.BiblionetApplication   : *************************** Caricamento libro 22/41 ***************************
2025-01-20T23:18:18.653+01:00  INFO 23276 --- [           main] i.unisa.biblionet.BiblionetApplication   : *************************** Caricamento libro 23/41 ***************************
2025-01-20T23:18:19.176+01:00  INFO 23276 --- [           main] i.unisa.biblionet.BiblionetApplication   : *************************** Caricamento libro 24/41 ***************************
2025-01-20T23:18:19.431+01:00  INFO 23276 --- [           main] i.unisa.biblionet.BiblionetApplication   : *************************** Caricamento libro 25/41 ***************************
2025-01-20T23:18:19.901+01:00  INFO 23276 --- [           main] i.unisa.biblionet.BiblionetApplication   : *************************** Caricamento libro 26/41 ***************************
2025-01-20T23:18:20.375+01:00  INFO 23276 --- [           main] i.unisa.biblionet.BiblionetApplication   : *************************** Caricamento libro 27/41 ***************************
2025-01-20T23:18:20.866+01:00  INFO 23276 --- [           main] i.unisa.biblionet.BiblionetApplication   : *************************** Caricamento libro 28/41 ***************************
2025-01-20T23:18:21.133+01:00  INFO 23276 --- [           main] i.unisa.biblionet.BiblionetApplication   : *************************** Caricamento libro 29/41 ***************************
2025-01-20T23:18:21.593+01:00  INFO 23276 --- [           main] i.unisa.biblionet.BiblionetApplication   : *************************** Caricamento libro 30/41 ***************************
2025-01-20T23:18:22.046+01:00  INFO 23276 --- [           main] i.unisa.biblionet.BiblionetApplication   : *************************** Caricamento libro 31/41 ***************************
2025-01-20T23:18:22.554+01:00  INFO 23276 --- [           main] i.unisa.biblionet.BiblionetApplication   : *************************** Caricamento libro 32/41 ***************************
2025-01-20T23:18:23.014+01:00  INFO 23276 --- [           main] i.unisa.biblionet.BiblionetApplication   : *************************** Caricamento libro 33/41 ***************************
2025-01-20T23:18:23.512+01:00  INFO 23276 --- [           main] i.unisa.biblionet.BiblionetApplication   : *************************** Caricamento libro 34/41 ***************************
2025-01-20T23:18:24.037+01:00  INFO 23276 --- [           main] i.unisa.biblionet.BiblionetApplication   : *************************** Caricamento libro 35/41 ***************************
2025-01-20T23:18:24.288+01:00  INFO 23276 --- [           main] i.unisa.biblionet.BiblionetApplication   : *************************** Caricamento libro 36/41 ***************************
2025-01-20T23:18:24.766+01:00  INFO 23276 --- [           main] i.unisa.biblionet.BiblionetApplication   : *************************** Caricamento libro 37/41 ***************************
2025-01-20T23:18:25.304+01:00  INFO 23276 --- [           main] i.unisa.biblionet.BiblionetApplication   : *************************** Caricamento libro 38/41 ***************************
2025-01-20T23:18:25.756+01:00  INFO 23276 --- [           main] i.unisa.biblionet.BiblionetApplication   : *************************** Caricamento libro 39/41 ***************************
2025-01-20T23:18:26.272+01:00  INFO 23276 --- [           main] i.unisa.biblionet.BiblionetApplication   : *************************** Caricamento libro 40/41 ***************************
2025-01-20T23:18:26.770+01:00  INFO 23276 --- [           main] i.unisa.biblionet.BiblionetApplication   : *************************** Caricamento libro 41/41 ***************************
2025-01-20T23:18:27.246+01:00  INFO 23276 --- [           main] i.unisa.biblionet.BiblionetApplication   : *************************** Libri creati 5/9 ***************************
2025-01-20T23:18:27.246+01:00  INFO 23276 --- [           main] i.unisa.biblionet.BiblionetApplication   : *************************** Inserimento Possessi biblioteca 1/10 ***************************
2025-01-20T23:18:27.249+01:00  INFO 23276 --- [           main] i.unisa.biblionet.BiblionetApplication   : *************************** Inserimento Possessi biblioteca 2/10 ***************************
2025-01-20T23:18:27.252+01:00  INFO 23276 --- [           main] i.unisa.biblionet.BiblionetApplication   : *************************** Inserimento Possessi biblioteca 3/10 ***************************
2025-01-20T23:18:27.254+01:00  INFO 23276 --- [           main] i.unisa.biblionet.BiblionetApplication   : *************************** Inserimento Possessi biblioteca 4/10 ***************************
2025-01-20T23:18:27.257+01:00  INFO 23276 --- [           main] i.unisa.biblionet.BiblionetApplication   : *************************** Inserimento Possessi biblioteca 5/10 ***************************
2025-01-20T23:18:27.259+01:00  INFO 23276 --- [           main] i.unisa.biblionet.BiblionetApplication   : *************************** Inserimento Possessi biblioteca 6/10 ***************************
2025-01-20T23:18:27.263+01:00  INFO 23276 --- [           main] i.unisa.biblionet.BiblionetApplication   : *************************** Inserimento Possessi biblioteca 7/10 ***************************
2025-01-20T23:18:27.266+01:00  INFO 23276 --- [           main] i.unisa.biblionet.BiblionetApplication   : *************************** Inserimento Possessi biblioteca 8/10 ***************************
2025-01-20T23:18:27.269+01:00  INFO 23276 --- [           main] i.unisa.biblionet.BiblionetApplication   : *************************** Inserimento Possessi biblioteca 9/10 ***************************
2025-01-20T23:18:27.273+01:00  INFO 23276 --- [           main] i.unisa.biblionet.BiblionetApplication   : *************************** Inserimento Possessi biblioteca 10/10 ***************************
2025-01-20T23:18:27.277+01:00  INFO 23276 --- [           main] i.unisa.biblionet.BiblionetApplication   : *************************** Possessi creati 6/9 ***************************
2025-01-20T23:18:27.283+01:00  INFO 23276 --- [           main] i.unisa.biblionet.BiblionetApplication   : *************************** Ticket creati 7/9 ***************************
2025-01-20T23:18:27.298+01:00  INFO 23276 --- [           main] i.unisa.biblionet.BiblionetApplication   : *************************** Club del Libro creati 8/9 ***************************
2025-01-20T23:18:27.304+01:00  INFO 23276 --- [           main] i.unisa.biblionet.BiblionetApplication   : *************************** Eventi creati 9/9 ***************************
2025-01-20T23:18:27.304+01:00  INFO 23276 --- [           main] i.unisa.biblionet.BiblionetApplication   : *************************** Recensioni create 3/3 ***************************
2025-01-20T23:18:27.311+01:00  INFO 23276 --- [           main] i.unisa.biblionet.BiblionetApplication   : *************************** DomandeBot create 4/4 ***************************
2025-01-20T23:18:27.312+01:00  INFO 23276 --- [           main] i.unisa.biblionet.BiblionetApplication   : *************************** DomandeBot create 4/4 ***************************
2025-01-20T23:18:27.316+01:00  INFO 23276 --- [           main] i.unisa.biblionet.BiblionetApplication   : *************************** RipsotaBot create 1/5 ***************************
2025-01-20T23:18:27.321+01:00  INFO 23276 --- [           main] i.unisa.biblionet.BiblionetApplication   : *************************** RispostaBot create 2/5 ***************************
2025-01-20T23:18:27.324+01:00  INFO 23276 --- [           main] i.unisa.biblionet.BiblionetApplication   : *************************** RispostaBot create 3/5 ***************************
2025-01-20T23:18:27.327+01:00  INFO 23276 --- [           main] i.unisa.biblionet.BiblionetApplication   : *************************** RispostaBot create 4/5 ***************************
2025-01-20T23:18:27.330+01:00  INFO 23276 --- [           main] i.unisa.biblionet.BiblionetApplication   : *************************** RispostaBot create 5/5 ***************************
2025-01-20T23:18:27.653+01:00  INFO 23276 --- [           main] i.unisa.biblionet.BiblionetApplication   : *************************** INIZIALIZZAZIONE DI BIBLIONET TERMINATA ***************************
2025-01-20T23:18:27.992+01:00  INFO 23276 --- [           main] j.LocalContainerEntityManagerFactoryBean : Closing JPA EntityManagerFactory for persistence unit 'default'
2025-01-20T23:18:27.998+01:00  INFO 23276 --- [           main] com.zaxxer.hikari.HikariDataSource       : HikariPool-6 - Shutdown initiated...
2025-01-20T23:18:28.000+01:00  INFO 23276 --- [           main] com.zaxxer.hikari.HikariDataSource       : HikariPool-6 - Shutdown completed.
]]></system-out>
  </testcase>
  <testcase name="visualizzaLogin" classname="it.unisa.biblionet.autenticazione.controller.AutenticazioneControllerIntegrationTest" time="19.959">
    <system-out><![CDATA[2025-01-20T23:18:28.006+01:00  INFO 23276 --- [           main] o.s.b.d.r.RestartApplicationListener     : Restart disabled due to context in which it is running

  .   ____          _            __ _ _
 /\\ / ___'_ __ _ _(_)_ __  __ _ \ \ \ \
( ( )\___ | '_ | '_| | '_ \/ _` | \ \ \ \
 \\/  ___)| |_)| | | | | || (_| |  ) ) ) )
  '  |____| .__|_| |_|_| |_\__, | / / / /
 =========|_|==============|___/=/_/_/_/

 :: Spring Boot ::                (v3.4.1)

2025-01-20T23:18:28.039+01:00  INFO 23276 --- [           main] .AutenticazioneControllerIntegrationTest : Starting AutenticazioneControllerIntegrationTest using Java 23.0.1 with PID 23276 (started by anton in C:\Users\anton\IdeaProjects\Bibliotet3)
2025-01-20T23:18:28.040+01:00  INFO 23276 --- [           main] .AutenticazioneControllerIntegrationTest : No active profile set, falling back to 1 default profile: "default"
2025-01-20T23:18:28.366+01:00  INFO 23276 --- [           main] .s.d.r.c.RepositoryConfigurationDelegate : Bootstrapping Spring Data JPA repositories in DEFAULT mode.
2025-01-20T23:18:28.443+01:00  INFO 23276 --- [           main] .s.d.r.c.RepositoryConfigurationDelegate : Finished Spring Data repository scanning in 76 ms. Found 15 JPA repository interfaces.
2025-01-20T23:18:28.541+01:00  INFO 23276 --- [           main] com.zaxxer.hikari.HikariDataSource       : HikariPool-7 - Starting...
2025-01-20T23:18:28.543+01:00  INFO 23276 --- [           main] com.zaxxer.hikari.pool.HikariPool        : HikariPool-7 - Added connection conn60: url=jdbc:h2:mem:db user=SA
2025-01-20T23:18:28.543+01:00  INFO 23276 --- [           main] com.zaxxer.hikari.HikariDataSource       : HikariPool-7 - Start completed.
2025-01-20T23:18:28.575+01:00  INFO 23276 --- [           main] o.hibernate.jpa.internal.util.LogHelper  : HHH000204: Processing PersistenceUnitInfo [name: default]
2025-01-20T23:18:28.578+01:00  INFO 23276 --- [           main] o.h.c.internal.RegionFactoryInitiator    : HHH000026: Second-level cache disabled
2025-01-20T23:18:28.605+01:00  INFO 23276 --- [           main] o.s.o.j.p.SpringPersistenceUnitInfo      : No LoadTimeWeaver setup: ignoring JPA class transformer
2025-01-20T23:18:28.608+01:00  INFO 23276 --- [           main] org.hibernate.orm.connections.pooling    : HHH10001005: Database info:
	Database JDBC URL [Connecting through datasource 'HikariDataSource (HikariPool-7)']
	Database driver: undefined/unknown
	Database version: 2.3.232
	Autocommit mode: undefined/unknown
	Isolation level: undefined/unknown
	Minimum pool size: undefined/unknown
	Maximum pool size: undefined/unknown
2025-01-20T23:18:28.932+01:00  INFO 23276 --- [           main] o.h.e.t.j.p.i.JtaPlatformInitiator       : HHH000489: No JTA platform available (set 'hibernate.transaction.jta.platform' to enable JTA platform integration)
2025-01-20T23:18:28.957+01:00  INFO 23276 --- [           main] j.LocalContainerEntityManagerFactoryBean : Initialized JPA EntityManagerFactory for persistence unit 'default'
2025-01-20T23:18:29.297+01:00  WARN 23276 --- [           main] JpaBaseConfiguration$JpaWebConfiguration : spring.jpa.open-in-view is enabled by default. Therefore, database queries may be performed during view rendering. Explicitly configure spring.jpa.open-in-view to disable this warning
2025-01-20T23:18:29.315+01:00  INFO 23276 --- [           main] o.s.b.a.w.s.WelcomePageHandlerMapping    : Adding welcome page template: index
2025-01-20T23:18:29.676+01:00  INFO 23276 --- [           main] o.s.b.t.m.w.SpringBootMockServletContext : Initializing Spring TestDispatcherServlet ''
2025-01-20T23:18:29.676+01:00  INFO 23276 --- [           main] o.s.t.web.servlet.TestDispatcherServlet  : Initializing Servlet ''
2025-01-20T23:18:29.681+01:00  INFO 23276 --- [           main] o.s.b.a.e.web.EndpointLinksResolver      : Exposing 1 endpoint beneath base path '/actuator'
2025-01-20T23:18:29.689+01:00  INFO 23276 --- [           main] o.s.t.web.servlet.TestDispatcherServlet  : Completed initialization in 13 ms
2025-01-20T23:18:29.710+01:00  INFO 23276 --- [           main] .AutenticazioneControllerIntegrationTest : Started AutenticazioneControllerIntegrationTest in 1.705 seconds (process running for 143.21)
2025-01-20T23:18:29.716+01:00  INFO 23276 --- [           main] i.unisa.biblionet.BiblionetApplication   : ***************************INIZIALIZZAZIONE DI BIBLIONET IN CORSO...***************************
2025-01-20T23:18:29.726+01:00  INFO 23276 --- [           main] i.unisa.biblionet.BiblionetApplication   : *************************** Biblioteche create 1/9 ***************************
2025-01-20T23:18:29.742+01:00  INFO 23276 --- [           main] i.unisa.biblionet.BiblionetApplication   : *************************** Esperti creati 2/9 ***************************
2025-01-20T23:18:29.751+01:00  INFO 23276 --- [           main] i.unisa.biblionet.BiblionetApplication   : *************************** Esperti creati 3/9 ***************************
2025-01-20T23:18:29.766+01:00  INFO 23276 --- [           main] i.unisa.biblionet.BiblionetApplication   : *************************** Generi creati 4/9 ***************************
2025-01-20T23:18:29.766+01:00  INFO 23276 --- [           main] i.unisa.biblionet.BiblionetApplication   : *************************** Caricamento libro 1/41 ***************************
2025-01-20T23:18:30.312+01:00  INFO 23276 --- [           main] i.unisa.biblionet.BiblionetApplication   : *************************** Caricamento libro 2/41 ***************************
2025-01-20T23:18:30.846+01:00  INFO 23276 --- [           main] i.unisa.biblionet.BiblionetApplication   : *************************** Caricamento libro 3/41 ***************************
2025-01-20T23:18:31.351+01:00  INFO 23276 --- [           main] i.unisa.biblionet.BiblionetApplication   : *************************** Caricamento libro 4/41 ***************************
2025-01-20T23:18:31.825+01:00  INFO 23276 --- [           main] i.unisa.biblionet.BiblionetApplication   : *************************** Caricamento libro 5/41 ***************************
2025-01-20T23:18:32.329+01:00  INFO 23276 --- [           main] i.unisa.biblionet.BiblionetApplication   : *************************** Caricamento libro 6/41 ***************************
2025-01-20T23:18:32.862+01:00  INFO 23276 --- [           main] i.unisa.biblionet.BiblionetApplication   : *************************** Caricamento libro 7/41 ***************************
2025-01-20T23:18:33.379+01:00  INFO 23276 --- [           main] i.unisa.biblionet.BiblionetApplication   : *************************** Caricamento libro 8/41 ***************************
2025-01-20T23:18:33.630+01:00  INFO 23276 --- [           main] i.unisa.biblionet.BiblionetApplication   : *************************** Caricamento libro 9/41 ***************************
2025-01-20T23:18:34.139+01:00  INFO 23276 --- [           main] i.unisa.biblionet.BiblionetApplication   : *************************** Caricamento libro 10/41 ***************************
2025-01-20T23:18:34.400+01:00  INFO 23276 --- [           main] i.unisa.biblionet.BiblionetApplication   : *************************** Caricamento libro 11/41 ***************************
2025-01-20T23:18:35.021+01:00  INFO 23276 --- [           main] i.unisa.biblionet.BiblionetApplication   : *************************** Caricamento libro 12/41 ***************************
2025-01-20T23:18:35.544+01:00  INFO 23276 --- [           main] i.unisa.biblionet.BiblionetApplication   : *************************** Caricamento libro 13/41 ***************************
2025-01-20T23:18:36.038+01:00  INFO 23276 --- [           main] i.unisa.biblionet.BiblionetApplication   : *************************** Caricamento libro 14/41 ***************************
2025-01-20T23:18:36.293+01:00  INFO 23276 --- [           main] i.unisa.biblionet.BiblionetApplication   : *************************** Caricamento libro 15/41 ***************************
2025-01-20T23:18:36.816+01:00  INFO 23276 --- [           main] i.unisa.biblionet.BiblionetApplication   : *************************** Caricamento libro 16/41 ***************************
2025-01-20T23:18:37.303+01:00  INFO 23276 --- [           main] i.unisa.biblionet.BiblionetApplication   : *************************** Caricamento libro 17/41 ***************************
2025-01-20T23:18:37.771+01:00  INFO 23276 --- [           main] i.unisa.biblionet.BiblionetApplication   : *************************** Caricamento libro 18/41 ***************************
2025-01-20T23:18:38.291+01:00  INFO 23276 --- [           main] i.unisa.biblionet.BiblionetApplication   : *************************** Caricamento libro 19/41 ***************************
2025-01-20T23:18:38.793+01:00  INFO 23276 --- [           main] i.unisa.biblionet.BiblionetApplication   : *************************** Caricamento libro 20/41 ***************************
2025-01-20T23:18:39.318+01:00  INFO 23276 --- [           main] i.unisa.biblionet.BiblionetApplication   : *************************** Caricamento libro 21/41 ***************************
2025-01-20T23:18:39.820+01:00  INFO 23276 --- [           main] i.unisa.biblionet.BiblionetApplication   : *************************** Caricamento libro 22/41 ***************************
2025-01-20T23:18:40.308+01:00  INFO 23276 --- [           main] i.unisa.biblionet.BiblionetApplication   : *************************** Caricamento libro 23/41 ***************************
2025-01-20T23:18:40.800+01:00  INFO 23276 --- [           main] i.unisa.biblionet.BiblionetApplication   : *************************** Caricamento libro 24/41 ***************************
2025-01-20T23:18:41.054+01:00  INFO 23276 --- [           main] i.unisa.biblionet.BiblionetApplication   : *************************** Caricamento libro 25/41 ***************************
2025-01-20T23:18:41.599+01:00  INFO 23276 --- [           main] i.unisa.biblionet.BiblionetApplication   : *************************** Caricamento libro 26/41 ***************************
2025-01-20T23:18:42.088+01:00  INFO 23276 --- [           main] i.unisa.biblionet.BiblionetApplication   : *************************** Caricamento libro 27/41 ***************************
2025-01-20T23:18:42.584+01:00  INFO 23276 --- [           main] i.unisa.biblionet.BiblionetApplication   : *************************** Caricamento libro 28/41 ***************************
2025-01-20T23:18:42.842+01:00  INFO 23276 --- [           main] i.unisa.biblionet.BiblionetApplication   : *************************** Caricamento libro 29/41 ***************************
2025-01-20T23:18:43.325+01:00  INFO 23276 --- [           main] i.unisa.biblionet.BiblionetApplication   : *************************** Caricamento libro 30/41 ***************************
2025-01-20T23:18:43.821+01:00  INFO 23276 --- [           main] i.unisa.biblionet.BiblionetApplication   : *************************** Caricamento libro 31/41 ***************************
2025-01-20T23:18:44.334+01:00  INFO 23276 --- [           main] i.unisa.biblionet.BiblionetApplication   : *************************** Caricamento libro 32/41 ***************************
2025-01-20T23:18:44.849+01:00  INFO 23276 --- [           main] i.unisa.biblionet.BiblionetApplication   : *************************** Caricamento libro 33/41 ***************************
2025-01-20T23:18:45.329+01:00  INFO 23276 --- [           main] i.unisa.biblionet.BiblionetApplication   : *************************** Caricamento libro 34/41 ***************************
2025-01-20T23:18:45.847+01:00  INFO 23276 --- [           main] i.unisa.biblionet.BiblionetApplication   : *************************** Caricamento libro 35/41 ***************************
2025-01-20T23:18:46.098+01:00  INFO 23276 --- [           main] i.unisa.biblionet.BiblionetApplication   : *************************** Caricamento libro 36/41 ***************************
2025-01-20T23:18:46.618+01:00  INFO 23276 --- [           main] i.unisa.biblionet.BiblionetApplication   : *************************** Caricamento libro 37/41 ***************************
2025-01-20T23:18:47.113+01:00  INFO 23276 --- [           main] i.unisa.biblionet.BiblionetApplication   : *************************** Caricamento libro 38/41 ***************************
2025-01-20T23:18:47.628+01:00  INFO 23276 --- [           main] i.unisa.biblionet.BiblionetApplication   : *************************** Caricamento libro 39/41 ***************************
2025-01-20T23:18:48.186+01:00  INFO 23276 --- [           main] i.unisa.biblionet.BiblionetApplication   : *************************** Caricamento libro 40/41 ***************************
2025-01-20T23:18:48.734+01:00  INFO 23276 --- [           main] i.unisa.biblionet.BiblionetApplication   : *************************** Caricamento libro 41/41 ***************************
2025-01-20T23:18:49.247+01:00  INFO 23276 --- [           main] i.unisa.biblionet.BiblionetApplication   : *************************** Libri creati 5/9 ***************************
2025-01-20T23:18:49.247+01:00  INFO 23276 --- [           main] i.unisa.biblionet.BiblionetApplication   : *************************** Inserimento Possessi biblioteca 1/10 ***************************
2025-01-20T23:18:49.250+01:00  INFO 23276 --- [           main] i.unisa.biblionet.BiblionetApplication   : *************************** Inserimento Possessi biblioteca 2/10 ***************************
2025-01-20T23:18:49.252+01:00  INFO 23276 --- [           main] i.unisa.biblionet.BiblionetApplication   : *************************** Inserimento Possessi biblioteca 3/10 ***************************
2025-01-20T23:18:49.255+01:00  INFO 23276 --- [           main] i.unisa.biblionet.BiblionetApplication   : *************************** Inserimento Possessi biblioteca 4/10 ***************************
2025-01-20T23:18:49.257+01:00  INFO 23276 --- [           main] i.unisa.biblionet.BiblionetApplication   : *************************** Inserimento Possessi biblioteca 5/10 ***************************
2025-01-20T23:18:49.258+01:00  INFO 23276 --- [           main] i.unisa.biblionet.BiblionetApplication   : *************************** Inserimento Possessi biblioteca 6/10 ***************************
2025-01-20T23:18:49.261+01:00  INFO 23276 --- [           main] i.unisa.biblionet.BiblionetApplication   : *************************** Inserimento Possessi biblioteca 7/10 ***************************
2025-01-20T23:18:49.263+01:00  INFO 23276 --- [           main] i.unisa.biblionet.BiblionetApplication   : *************************** Inserimento Possessi biblioteca 8/10 ***************************
2025-01-20T23:18:49.265+01:00  INFO 23276 --- [           main] i.unisa.biblionet.BiblionetApplication   : *************************** Inserimento Possessi biblioteca 9/10 ***************************
2025-01-20T23:18:49.267+01:00  INFO 23276 --- [           main] i.unisa.biblionet.BiblionetApplication   : *************************** Inserimento Possessi biblioteca 10/10 ***************************
2025-01-20T23:18:49.269+01:00  INFO 23276 --- [           main] i.unisa.biblionet.BiblionetApplication   : *************************** Possessi creati 6/9 ***************************
2025-01-20T23:18:49.275+01:00  INFO 23276 --- [           main] i.unisa.biblionet.BiblionetApplication   : *************************** Ticket creati 7/9 ***************************
2025-01-20T23:18:49.288+01:00  INFO 23276 --- [           main] i.unisa.biblionet.BiblionetApplication   : *************************** Club del Libro creati 8/9 ***************************
2025-01-20T23:18:49.292+01:00  INFO 23276 --- [           main] i.unisa.biblionet.BiblionetApplication   : *************************** Eventi creati 9/9 ***************************
2025-01-20T23:18:49.292+01:00  INFO 23276 --- [           main] i.unisa.biblionet.BiblionetApplication   : *************************** Recensioni create 3/3 ***************************
2025-01-20T23:18:49.297+01:00  INFO 23276 --- [           main] i.unisa.biblionet.BiblionetApplication   : *************************** DomandeBot create 4/4 ***************************
2025-01-20T23:18:49.298+01:00  INFO 23276 --- [           main] i.unisa.biblionet.BiblionetApplication   : *************************** DomandeBot create 4/4 ***************************
2025-01-20T23:18:49.300+01:00  INFO 23276 --- [           main] i.unisa.biblionet.BiblionetApplication   : *************************** RipsotaBot create 1/5 ***************************
2025-01-20T23:18:49.305+01:00  INFO 23276 --- [           main] i.unisa.biblionet.BiblionetApplication   : *************************** RispostaBot create 2/5 ***************************
2025-01-20T23:18:49.307+01:00  INFO 23276 --- [           main] i.unisa.biblionet.BiblionetApplication   : *************************** RispostaBot create 3/5 ***************************
2025-01-20T23:18:49.308+01:00  INFO 23276 --- [           main] i.unisa.biblionet.BiblionetApplication   : *************************** RispostaBot create 4/5 ***************************
2025-01-20T23:18:49.310+01:00  INFO 23276 --- [           main] i.unisa.biblionet.BiblionetApplication   : *************************** RispostaBot create 5/5 ***************************
2025-01-20T23:18:49.575+01:00  INFO 23276 --- [           main] i.unisa.biblionet.BiblionetApplication   : *************************** INIZIALIZZAZIONE DI BIBLIONET TERMINATA ***************************
2025-01-20T23:18:49.656+01:00  INFO 23276 --- [           main] j.LocalContainerEntityManagerFactoryBean : Closing JPA EntityManagerFactory for persistence unit 'default'
2025-01-20T23:18:49.667+01:00  INFO 23276 --- [           main] com.zaxxer.hikari.HikariDataSource       : HikariPool-7 - Shutdown initiated...
2025-01-20T23:18:49.670+01:00  INFO 23276 --- [           main] com.zaxxer.hikari.HikariDataSource       : HikariPool-7 - Shutdown completed.
]]></system-out>
  </testcase>
</testsuite>