<?xml version="1.0" encoding="UTF-8"?>
<testsuite xmlns:xsi="http://www.w3.org/2001/XMLSchema-instance" xsi:noNamespaceSchemaLocation="https://maven.apache.org/surefire/maven-surefire-plugin/xsd/surefire-test-report-3.0.xsd" version="3.0" name="it.unisa.biblionet.clubDelLibro.controller.ClubDelLibroControllerIntegrationTest" time="64.681" tests="3" errors="0" skipped="0" failures="0">
  <properties>
    <property name="java.specification.version" value="23"/>
    <property name="sun.cpu.isalist" value="amd64"/>
    <property name="sun.jnu.encoding" value="Cp1252"/>
    <property name="java.class.path" value="C:\Users\anton\IdeaProjects\Bibliotet3\target\test-classes;C:\Users\anton\IdeaProjects\Bibliotet3\target\classes;C:\Users\anton\.m2\repository\org\springframework\boot\spring-boot-starter-data-jpa\3.4.1\spring-boot-starter-data-jpa-3.4.1.jar;C:\Users\anton\.m2\repository\org\springframework\boot\spring-boot-starter\3.4.1\spring-boot-starter-3.4.1.jar;C:\Users\anton\.m2\repository\org\springframework\boot\spring-boot-starter-logging\3.4.1\spring-boot-starter-logging-3.4.1.jar;C:\Users\anton\.m2\repository\ch\qos\logback\logback-classic\1.5.12\logback-classic-1.5.12.jar;C:\Users\anton\.m2\repository\ch\qos\logback\logback-core\1.5.12\logback-core-1.5.12.jar;C:\Users\anton\.m2\repository\org\apache\logging\log4j\log4j-to-slf4j\2.24.3\log4j-to-slf4j-2.24.3.jar;C:\Users\anton\.m2\repository\org\apache\logging\log4j\log4j-api\2.24.3\log4j-api-2.24.3.jar;C:\Users\anton\.m2\repository\org\slf4j\jul-to-slf4j\2.0.16\jul-to-slf4j-2.0.16.jar;C:\Users\anton\.m2\repository\jakarta\annotation\jakarta.annotation-api\2.1.1\jakarta.annotation-api-2.1.1.jar;C:\Users\anton\.m2\repository\org\yaml\snakeyaml\2.3\snakeyaml-2.3.jar;C:\Users\anton\.m2\repository\org\springframework\boot\spring-boot-starter-jdbc\3.4.1\spring-boot-starter-jdbc-3.4.1.jar;C:\Users\anton\.m2\repository\com\zaxxer\HikariCP\5.1.0\HikariCP-5.1.0.jar;C:\Users\anton\.m2\repository\org\springframework\spring-jdbc\6.2.1\spring-jdbc-6.2.1.jar;C:\Users\anton\.m2\repository\org\hibernate\orm\hibernate-core\6.6.4.Final\hibernate-core-6.6.4.Final.jar;C:\Users\anton\.m2\repository\jakarta\persistence\jakarta.persistence-api\3.1.0\jakarta.persistence-api-3.1.0.jar;C:\Users\anton\.m2\repository\jakarta\transaction\jakarta.transaction-api\2.0.1\jakarta.transaction-api-2.0.1.jar;C:\Users\anton\.m2\repository\org\hibernate\common\hibernate-commons-annotations\7.0.3.Final\hibernate-commons-annotations-7.0.3.Final.jar;C:\Users\anton\.m2\repository\io\smallrye\jandex\3.2.0\jandex-3.2.0.jar;C:\Users\anton\.m2\repository\net\bytebuddy\byte-buddy\1.15.11\byte-buddy-1.15.11.jar;C:\Users\anton\.m2\repository\org\glassfish\jaxb\jaxb-runtime\4.0.5\jaxb-runtime-4.0.5.jar;C:\Users\anton\.m2\repository\org\glassfish\jaxb\jaxb-core\4.0.5\jaxb-core-4.0.5.jar;C:\Users\anton\.m2\repository\org\eclipse\angus\angus-activation\2.0.2\angus-activation-2.0.2.jar;C:\Users\anton\.m2\repository\org\glassfish\jaxb\txw2\4.0.5\txw2-4.0.5.jar;C:\Users\anton\.m2\repository\com\sun\istack\istack-commons-runtime\4.1.2\istack-commons-runtime-4.1.2.jar;C:\Users\anton\.m2\repository\jakarta\inject\jakarta.inject-api\2.0.1\jakarta.inject-api-2.0.1.jar;C:\Users\anton\.m2\repository\org\antlr\antlr4-runtime\4.13.0\antlr4-runtime-4.13.0.jar;C:\Users\anton\.m2\repository\org\springframework\data\spring-data-jpa\3.4.1\spring-data-jpa-3.4.1.jar;C:\Users\anton\.m2\repository\org\springframework\data\spring-data-commons\3.4.1\spring-data-commons-3.4.1.jar;C:\Users\anton\.m2\repository\org\springframework\spring-orm\6.2.1\spring-orm-6.2.1.jar;C:\Users\anton\.m2\repository\org\springframework\spring-context\6.2.1\spring-context-6.2.1.jar;C:\Users\anton\.m2\repository\org\springframework\spring-aop\6.2.1\spring-aop-6.2.1.jar;C:\Users\anton\.m2\repository\org\springframework\spring-tx\6.2.1\spring-tx-6.2.1.jar;C:\Users\anton\.m2\repository\org\springframework\spring-beans\6.2.1\spring-beans-6.2.1.jar;C:\Users\anton\.m2\repository\org\springframework\spring-aspects\6.2.1\spring-aspects-6.2.1.jar;C:\Users\anton\.m2\repository\org\aspectj\aspectjweaver\1.9.22.1\aspectjweaver-1.9.22.1.jar;C:\Users\anton\.m2\repository\org\springframework\boot\spring-boot-starter-thymeleaf\3.4.1\spring-boot-starter-thymeleaf-3.4.1.jar;C:\Users\anton\.m2\repository\org\thymeleaf\thymeleaf-spring6\3.1.3.RELEASE\thymeleaf-spring6-3.1.3.RELEASE.jar;C:\Users\anton\.m2\repository\org\springframework\boot\spring-boot-starter-web\3.4.1\spring-boot-starter-web-3.4.1.jar;C:\Users\anton\.m2\repository\org\springframework\boot\spring-boot-starter-json\3.4.1\spring-boot-starter-json-3.4.1.jar;C:\Users\anton\.m2\repository\com\fasterxml\jackson\core\jackson-databind\2.18.2\jackson-databind-2.18.2.jar;C:\Users\anton\.m2\repository\com\fasterxml\jackson\core\jackson-annotations\2.18.2\jackson-annotations-2.18.2.jar;C:\Users\anton\.m2\repository\com\fasterxml\jackson\core\jackson-core\2.18.2\jackson-core-2.18.2.jar;C:\Users\anton\.m2\repository\com\fasterxml\jackson\datatype\jackson-datatype-jdk8\2.18.2\jackson-datatype-jdk8-2.18.2.jar;C:\Users\anton\.m2\repository\com\fasterxml\jackson\datatype\jackson-datatype-jsr310\2.18.2\jackson-datatype-jsr310-2.18.2.jar;C:\Users\anton\.m2\repository\com\fasterxml\jackson\module\jackson-module-parameter-names\2.18.2\jackson-module-parameter-names-2.18.2.jar;C:\Users\anton\.m2\repository\org\springframework\boot\spring-boot-starter-tomcat\3.4.1\spring-boot-starter-tomcat-3.4.1.jar;C:\Users\anton\.m2\repository\org\apache\tomcat\embed\tomcat-embed-core\10.1.34\tomcat-embed-core-10.1.34.jar;C:\Users\anton\.m2\repository\org\apache\tomcat\embed\tomcat-embed-el\10.1.34\tomcat-embed-el-10.1.34.jar;C:\Users\anton\.m2\repository\org\apache\tomcat\embed\tomcat-embed-websocket\10.1.34\tomcat-embed-websocket-10.1.34.jar;C:\Users\anton\.m2\repository\org\springframework\spring-web\6.2.1\spring-web-6.2.1.jar;C:\Users\anton\.m2\repository\org\springframework\spring-webmvc\6.2.1\spring-webmvc-6.2.1.jar;C:\Users\anton\.m2\repository\org\springframework\spring-expression\6.2.1\spring-expression-6.2.1.jar;C:\Users\anton\.m2\repository\org\springframework\boot\spring-boot-devtools\3.4.1\spring-boot-devtools-3.4.1.jar;C:\Users\anton\.m2\repository\org\springframework\boot\spring-boot\3.4.1\spring-boot-3.4.1.jar;C:\Users\anton\.m2\repository\org\springframework\boot\spring-boot-autoconfigure\3.4.1\spring-boot-autoconfigure-3.4.1.jar;C:\Users\anton\.m2\repository\com\h2database\h2\2.3.232\h2-2.3.232.jar;C:\Users\anton\.m2\repository\org\projectlombok\lombok\1.18.36\lombok-1.18.36.jar;C:\Users\anton\.m2\repository\nz\net\ultraq\thymeleaf\thymeleaf-layout-dialect\3.3.0\thymeleaf-layout-dialect-3.3.0.jar;C:\Users\anton\.m2\repository\org\apache\groovy\groovy\4.0.24\groovy-4.0.24.jar;C:\Users\anton\.m2\repository\nz\net\ultraq\groovy\groovy-extensions\2.1.0\groovy-extensions-2.1.0.jar;C:\Users\anton\.m2\repository\nz\net\ultraq\thymeleaf\thymeleaf-expression-processor\3.2.0\thymeleaf-expression-processor-3.2.0.jar;C:\Users\anton\.m2\repository\org\thymeleaf\thymeleaf\3.1.3.RELEASE\thymeleaf-3.1.3.RELEASE.jar;C:\Users\anton\.m2\repository\ognl\ognl\3.3.4\ognl-3.3.4.jar;C:\Users\anton\.m2\repository\org\javassist\javassist\3.29.0-GA\javassist-3.29.0-GA.jar;C:\Users\anton\.m2\repository\org\attoparser\attoparser\2.0.7.RELEASE\attoparser-2.0.7.RELEASE.jar;C:\Users\anton\.m2\repository\org\unbescape\unbescape\1.1.6.RELEASE\unbescape-1.1.6.RELEASE.jar;C:\Users\anton\.m2\repository\org\slf4j\slf4j-api\2.0.16\slf4j-api-2.0.16.jar;C:\Users\anton\.m2\repository\org\springframework\boot\spring-boot-starter-test\3.4.1\spring-boot-starter-test-3.4.1.jar;C:\Users\anton\.m2\repository\org\springframework\boot\spring-boot-test\3.4.1\spring-boot-test-3.4.1.jar;C:\Users\anton\.m2\repository\org\springframework\boot\spring-boot-test-autoconfigure\3.4.1\spring-boot-test-autoconfigure-3.4.1.jar;C:\Users\anton\.m2\repository\com\jayway\jsonpath\json-path\2.9.0\json-path-2.9.0.jar;C:\Users\anton\.m2\repository\jakarta\xml\bind\jakarta.xml.bind-api\4.0.2\jakarta.xml.bind-api-4.0.2.jar;C:\Users\anton\.m2\repository\jakarta\activation\jakarta.activation-api\2.1.3\jakarta.activation-api-2.1.3.jar;C:\Users\anton\.m2\repository\net\minidev\json-smart\2.5.1\json-smart-2.5.1.jar;C:\Users\anton\.m2\repository\net\minidev\accessors-smart\2.5.1\accessors-smart-2.5.1.jar;C:\Users\anton\.m2\repository\org\assertj\assertj-core\3.26.3\assertj-core-3.26.3.jar;C:\Users\anton\.m2\repository\org\awaitility\awaitility\4.2.2\awaitility-4.2.2.jar;C:\Users\anton\.m2\repository\org\hamcrest\hamcrest\2.2\hamcrest-2.2.jar;C:\Users\anton\.m2\repository\org\junit\jupiter\junit-jupiter\5.11.4\junit-jupiter-5.11.4.jar;C:\Users\anton\.m2\repository\org\junit\jupiter\junit-jupiter-api\5.11.4\junit-jupiter-api-5.11.4.jar;C:\Users\anton\.m2\repository\org\opentest4j\opentest4j\1.3.0\opentest4j-1.3.0.jar;C:\Users\anton\.m2\repository\org\junit\platform\junit-platform-commons\1.11.4\junit-platform-commons-1.11.4.jar;C:\Users\anton\.m2\repository\org\apiguardian\apiguardian-api\1.1.2\apiguardian-api-1.1.2.jar;C:\Users\anton\.m2\repository\org\junit\jupiter\junit-jupiter-params\5.11.4\junit-jupiter-params-5.11.4.jar;C:\Users\anton\.m2\repository\org\junit\jupiter\junit-jupiter-engine\5.11.4\junit-jupiter-engine-5.11.4.jar;C:\Users\anton\.m2\repository\org\junit\platform\junit-platform-engine\1.11.4\junit-platform-engine-1.11.4.jar;C:\Users\anton\.m2\repository\org\mockito\mockito-core\5.14.2\mockito-core-5.14.2.jar;C:\Users\anton\.m2\repository\net\bytebuddy\byte-buddy-agent\1.15.11\byte-buddy-agent-1.15.11.jar;C:\Users\anton\.m2\repository\org\objenesis\objenesis\3.3\objenesis-3.3.jar;C:\Users\anton\.m2\repository\org\mockito\mockito-junit-jupiter\5.14.2\mockito-junit-jupiter-5.14.2.jar;C:\Users\anton\.m2\repository\org\skyscreamer\jsonassert\1.5.3\jsonassert-1.5.3.jar;C:\Users\anton\.m2\repository\com\vaadin\external\google\android-json\0.0.20131108.vaadin1\android-json-0.0.20131108.vaadin1.jar;C:\Users\anton\.m2\repository\org\springframework\spring-core\6.2.1\spring-core-6.2.1.jar;C:\Users\anton\.m2\repository\org\springframework\spring-jcl\6.2.1\spring-jcl-6.2.1.jar;C:\Users\anton\.m2\repository\org\springframework\spring-test\6.2.1\spring-test-6.2.1.jar;C:\Users\anton\.m2\repository\org\xmlunit\xmlunit-core\2.10.0\xmlunit-core-2.10.0.jar;C:\Users\anton\.m2\repository\junit\junit\4.13.2\junit-4.13.2.jar;C:\Users\anton\.m2\repository\org\hamcrest\hamcrest-core\2.2\hamcrest-core-2.2.jar;C:\Users\anton\.m2\repository\jakarta\validation\jakarta.validation-api\3.0.2\jakarta.validation-api-3.0.2.jar;C:\Users\anton\.m2\repository\com\googlecode\json-simple\json-simple\1.1.1\json-simple-1.1.1.jar;C:\Users\anton\.m2\repository\commons-io\commons-io\2.8.0\commons-io-2.8.0.jar;C:\Users\anton\.m2\repository\org\jacoco\jacoco-maven-plugin\0.8.12\jacoco-maven-plugin-0.8.12.jar;C:\Users\anton\.m2\repository\org\codehaus\plexus\plexus-utils\3.0.24\plexus-utils-3.0.24.jar;C:\Users\anton\.m2\repository\org\apache\maven\shared\file-management\3.1.0\file-management-3.1.0.jar;C:\Users\anton\.m2\repository\org\apache\maven\reporting\maven-reporting-api\3.0\maven-reporting-api-3.0.jar;C:\Users\anton\.m2\repository\org\apache\maven\doxia\doxia-sink-api\1.0\doxia-sink-api-1.0.jar;C:\Users\anton\.m2\repository\org\jacoco\org.jacoco.agent\0.8.12\org.jacoco.agent-0.8.12-runtime.jar;C:\Users\anton\.m2\repository\org\jacoco\org.jacoco.core\0.8.12\org.jacoco.core-0.8.12.jar;C:\Users\anton\.m2\repository\org\ow2\asm\asm\9.7\asm-9.7.jar;C:\Users\anton\.m2\repository\org\ow2\asm\asm-commons\9.7\asm-commons-9.7.jar;C:\Users\anton\.m2\repository\org\ow2\asm\asm-tree\9.7\asm-tree-9.7.jar;C:\Users\anton\.m2\repository\org\jacoco\org.jacoco.report\0.8.12\org.jacoco.report-0.8.12.jar;C:\Users\anton\.m2\repository\org\apache\maven\plugins\maven-surefire-plugin\3.5.2\maven-surefire-plugin-3.5.2.jar;C:\Users\anton\.m2\repository\org\apache\maven\surefire\surefire-api\3.5.2\surefire-api-3.5.2.jar;C:\Users\anton\.m2\repository\org\apache\maven\surefire\surefire-logger-api\3.5.2\surefire-logger-api-3.5.2.jar;C:\Users\anton\.m2\repository\org\apache\maven\surefire\surefire-shared-utils\3.5.2\surefire-shared-utils-3.5.2.jar;C:\Users\anton\.m2\repository\org\apache\maven\surefire\surefire-extensions-api\3.5.2\surefire-extensions-api-3.5.2.jar;C:\Users\anton\.m2\repository\org\apache\maven\surefire\maven-surefire-common\3.5.2\maven-surefire-common-3.5.2.jar;C:\Users\anton\.m2\repository\org\apache\maven\surefire\surefire-booter\3.5.2\surefire-booter-3.5.2.jar;C:\Users\anton\.m2\repository\org\apache\maven\surefire\surefire-extensions-spi\3.5.2\surefire-extensions-spi-3.5.2.jar;C:\Users\anton\.m2\repository\org\apache\maven\resolver\maven-resolver-util\1.4.1\maven-resolver-util-1.4.1.jar;C:\Users\anton\.m2\repository\org\apache\maven\resolver\maven-resolver-api\1.4.1\maven-resolver-api-1.4.1.jar;C:\Users\anton\.m2\repository\org\apache\maven\shared\maven-common-artifact-filters\3.4.0\maven-common-artifact-filters-3.4.0.jar;C:\Users\anton\.m2\repository\org\codehaus\plexus\plexus-java\1.3.0\plexus-java-1.3.0.jar;C:\Users\anton\.m2\repository\com\thoughtworks\qdox\qdox\2.1.0\qdox-2.1.0.jar;C:\Users\anton\.m2\repository\org\jboss\logging\jboss-logging\3.6.1.Final\jboss-logging-3.6.1.Final.jar;C:\Users\anton\.m2\repository\org\springframework\boot\spring-boot-starter-actuator\3.4.1\spring-boot-starter-actuator-3.4.1.jar;C:\Users\anton\.m2\repository\org\springframework\boot\spring-boot-actuator-autoconfigure\3.4.1\spring-boot-actuator-autoconfigure-3.4.1.jar;C:\Users\anton\.m2\repository\org\springframework\boot\spring-boot-actuator\3.4.1\spring-boot-actuator-3.4.1.jar;C:\Users\anton\.m2\repository\io\micrometer\micrometer-observation\1.14.2\micrometer-observation-1.14.2.jar;C:\Users\anton\.m2\repository\io\micrometer\micrometer-commons\1.14.2\micrometer-commons-1.14.2.jar;C:\Users\anton\.m2\repository\io\micrometer\micrometer-jakarta9\1.14.2\micrometer-jakarta9-1.14.2.jar;C:\Users\anton\.m2\repository\io\micrometer\micrometer-core\1.14.2\micrometer-core-1.14.2.jar;C:\Users\anton\.m2\repository\org\hdrhistogram\HdrHistogram\2.2.2\HdrHistogram-2.2.2.jar;C:\Users\anton\.m2\repository\org\latencyutils\LatencyUtils\2.0.3\LatencyUtils-2.0.3.jar;C:\Users\anton\.m2\repository\org\hibernate\validator\hibernate-validator\8.0.2.Final\hibernate-validator-8.0.2.Final.jar;C:\Users\anton\.m2\repository\com\fasterxml\classmate\1.7.0\classmate-1.7.0.jar;C:\Users\anton\.m2\repository\org\glassfish\jakarta.el\5.0.0-M1\jakarta.el-5.0.0-M1.jar;C:\Users\anton\.m2\repository\jakarta\el\jakarta.el-api\5.0.0\jakarta.el-api-5.0.0.jar;"/>
    <property name="java.vm.vendor" value="Oracle Corporation"/>
    <property name="sun.arch.data.model" value="64"/>
    <property name="user.variant" value=""/>
    <property name="java.vendor.url" value="https://java.oracle.com/"/>
    <property name="user.timezone" value="Europe/Rome"/>
    <property name="org.jboss.logging.provider" value="slf4j"/>
    <property name="os.name" value="Windows 11"/>
    <property name="java.vm.specification.version" value="23"/>
    <property name="sun.java.launcher" value="SUN_STANDARD"/>
    <property name="user.country" value="IT"/>
    <property name="sun.boot.library.path" value="C:\Program Files\Java\jdk-23\bin"/>
    <property name="sun.java.command" value="C:\Users\anton\AppData\Local\Temp\surefire2576266347971769043\surefirebooter11423826616555176608.jar C:\Users\anton\AppData\Local\Temp\surefire2576266347971769043 2025-01-20T23-16-05_678-jvmRun1 surefire10473181257284656912tmp surefire_015663285449115654264tmp"/>
    <property name="jdk.debug" value="release"/>
    <property name="surefire.test.class.path" value="C:\Users\anton\IdeaProjects\Bibliotet3\target\test-classes;C:\Users\anton\IdeaProjects\Bibliotet3\target\classes;C:\Users\anton\.m2\repository\org\springframework\boot\spring-boot-starter-data-jpa\3.4.1\spring-boot-starter-data-jpa-3.4.1.jar;C:\Users\anton\.m2\repository\org\springframework\boot\spring-boot-starter\3.4.1\spring-boot-starter-3.4.1.jar;C:\Users\anton\.m2\repository\org\springframework\boot\spring-boot-starter-logging\3.4.1\spring-boot-starter-logging-3.4.1.jar;C:\Users\anton\.m2\repository\ch\qos\logback\logback-classic\1.5.12\logback-classic-1.5.12.jar;C:\Users\anton\.m2\repository\ch\qos\logback\logback-core\1.5.12\logback-core-1.5.12.jar;C:\Users\anton\.m2\repository\org\apache\logging\log4j\log4j-to-slf4j\2.24.3\log4j-to-slf4j-2.24.3.jar;C:\Users\anton\.m2\repository\org\apache\logging\log4j\log4j-api\2.24.3\log4j-api-2.24.3.jar;C:\Users\anton\.m2\repository\org\slf4j\jul-to-slf4j\2.0.16\jul-to-slf4j-2.0.16.jar;C:\Users\anton\.m2\repository\jakarta\annotation\jakarta.annotation-api\2.1.1\jakarta.annotation-api-2.1.1.jar;C:\Users\anton\.m2\repository\org\yaml\snakeyaml\2.3\snakeyaml-2.3.jar;C:\Users\anton\.m2\repository\org\springframework\boot\spring-boot-starter-jdbc\3.4.1\spring-boot-starter-jdbc-3.4.1.jar;C:\Users\anton\.m2\repository\com\zaxxer\HikariCP\5.1.0\HikariCP-5.1.0.jar;C:\Users\anton\.m2\repository\org\springframework\spring-jdbc\6.2.1\spring-jdbc-6.2.1.jar;C:\Users\anton\.m2\repository\org\hibernate\orm\hibernate-core\6.6.4.Final\hibernate-core-6.6.4.Final.jar;C:\Users\anton\.m2\repository\jakarta\persistence\jakarta.persistence-api\3.1.0\jakarta.persistence-api-3.1.0.jar;C:\Users\anton\.m2\repository\jakarta\transaction\jakarta.transaction-api\2.0.1\jakarta.transaction-api-2.0.1.jar;C:\Users\anton\.m2\repository\org\hibernate\common\hibernate-commons-annotations\7.0.3.Final\hibernate-commons-annotations-7.0.3.Final.jar;C:\Users\anton\.m2\repository\io\smallrye\jandex\3.2.0\jandex-3.2.0.jar;C:\Users\anton\.m2\repository\net\bytebuddy\byte-buddy\1.15.11\byte-buddy-1.15.11.jar;C:\Users\anton\.m2\repository\org\glassfish\jaxb\jaxb-runtime\4.0.5\jaxb-runtime-4.0.5.jar;C:\Users\anton\.m2\repository\org\glassfish\jaxb\jaxb-core\4.0.5\jaxb-core-4.0.5.jar;C:\Users\anton\.m2\repository\org\eclipse\angus\angus-activation\2.0.2\angus-activation-2.0.2.jar;C:\Users\anton\.m2\repository\org\glassfish\jaxb\txw2\4.0.5\txw2-4.0.5.jar;C:\Users\anton\.m2\repository\com\sun\istack\istack-commons-runtime\4.1.2\istack-commons-runtime-4.1.2.jar;C:\Users\anton\.m2\repository\jakarta\inject\jakarta.inject-api\2.0.1\jakarta.inject-api-2.0.1.jar;C:\Users\anton\.m2\repository\org\antlr\antlr4-runtime\4.13.0\antlr4-runtime-4.13.0.jar;C:\Users\anton\.m2\repository\org\springframework\data\spring-data-jpa\3.4.1\spring-data-jpa-3.4.1.jar;C:\Users\anton\.m2\repository\org\springframework\data\spring-data-commons\3.4.1\spring-data-commons-3.4.1.jar;C:\Users\anton\.m2\repository\org\springframework\spring-orm\6.2.1\spring-orm-6.2.1.jar;C:\Users\anton\.m2\repository\org\springframework\spring-context\6.2.1\spring-context-6.2.1.jar;C:\Users\anton\.m2\repository\org\springframework\spring-aop\6.2.1\spring-aop-6.2.1.jar;C:\Users\anton\.m2\repository\org\springframework\spring-tx\6.2.1\spring-tx-6.2.1.jar;C:\Users\anton\.m2\repository\org\springframework\spring-beans\6.2.1\spring-beans-6.2.1.jar;C:\Users\anton\.m2\repository\org\springframework\spring-aspects\6.2.1\spring-aspects-6.2.1.jar;C:\Users\anton\.m2\repository\org\aspectj\aspectjweaver\1.9.22.1\aspectjweaver-1.9.22.1.jar;C:\Users\anton\.m2\repository\org\springframework\boot\spring-boot-starter-thymeleaf\3.4.1\spring-boot-starter-thymeleaf-3.4.1.jar;C:\Users\anton\.m2\repository\org\thymeleaf\thymeleaf-spring6\3.1.3.RELEASE\thymeleaf-spring6-3.1.3.RELEASE.jar;C:\Users\anton\.m2\repository\org\springframework\boot\spring-boot-starter-web\3.4.1\spring-boot-starter-web-3.4.1.jar;C:\Users\anton\.m2\repository\org\springframework\boot\spring-boot-starter-json\3.4.1\spring-boot-starter-json-3.4.1.jar;C:\Users\anton\.m2\repository\com\fasterxml\jackson\core\jackson-databind\2.18.2\jackson-databind-2.18.2.jar;C:\Users\anton\.m2\repository\com\fasterxml\jackson\core\jackson-annotations\2.18.2\jackson-annotations-2.18.2.jar;C:\Users\anton\.m2\repository\com\fasterxml\jackson\core\jackson-core\2.18.2\jackson-core-2.18.2.jar;C:\Users\anton\.m2\repository\com\fasterxml\jackson\datatype\jackson-datatype-jdk8\2.18.2\jackson-datatype-jdk8-2.18.2.jar;C:\Users\anton\.m2\repository\com\fasterxml\jackson\datatype\jackson-datatype-jsr310\2.18.2\jackson-datatype-jsr310-2.18.2.jar;C:\Users\anton\.m2\repository\com\fasterxml\jackson\module\jackson-module-parameter-names\2.18.2\jackson-module-parameter-names-2.18.2.jar;C:\Users\anton\.m2\repository\org\springframework\boot\spring-boot-starter-tomcat\3.4.1\spring-boot-starter-tomcat-3.4.1.jar;C:\Users\anton\.m2\repository\org\apache\tomcat\embed\tomcat-embed-core\10.1.34\tomcat-embed-core-10.1.34.jar;C:\Users\anton\.m2\repository\org\apache\tomcat\embed\tomcat-embed-el\10.1.34\tomcat-embed-el-10.1.34.jar;C:\Users\anton\.m2\repository\org\apache\tomcat\embed\tomcat-embed-websocket\10.1.34\tomcat-embed-websocket-10.1.34.jar;C:\Users\anton\.m2\repository\org\springframework\spring-web\6.2.1\spring-web-6.2.1.jar;C:\Users\anton\.m2\repository\org\springframework\spring-webmvc\6.2.1\spring-webmvc-6.2.1.jar;C:\Users\anton\.m2\repository\org\springframework\spring-expression\6.2.1\spring-expression-6.2.1.jar;C:\Users\anton\.m2\repository\org\springframework\boot\spring-boot-devtools\3.4.1\spring-boot-devtools-3.4.1.jar;C:\Users\anton\.m2\repository\org\springframework\boot\spring-boot\3.4.1\spring-boot-3.4.1.jar;C:\Users\anton\.m2\repository\org\springframework\boot\spring-boot-autoconfigure\3.4.1\spring-boot-autoconfigure-3.4.1.jar;C:\Users\anton\.m2\repository\com\h2database\h2\2.3.232\h2-2.3.232.jar;C:\Users\anton\.m2\repository\org\projectlombok\lombok\1.18.36\lombok-1.18.36.jar;C:\Users\anton\.m2\repository\nz\net\ultraq\thymeleaf\thymeleaf-layout-dialect\3.3.0\thymeleaf-layout-dialect-3.3.0.jar;C:\Users\anton\.m2\repository\org\apache\groovy\groovy\4.0.24\groovy-4.0.24.jar;C:\Users\anton\.m2\repository\nz\net\ultraq\groovy\groovy-extensions\2.1.0\groovy-extensions-2.1.0.jar;C:\Users\anton\.m2\repository\nz\net\ultraq\thymeleaf\thymeleaf-expression-processor\3.2.0\thymeleaf-expression-processor-3.2.0.jar;C:\Users\anton\.m2\repository\org\thymeleaf\thymeleaf\3.1.3.RELEASE\thymeleaf-3.1.3.RELEASE.jar;C:\Users\anton\.m2\repository\ognl\ognl\3.3.4\ognl-3.3.4.jar;C:\Users\anton\.m2\repository\org\javassist\javassist\3.29.0-GA\javassist-3.29.0-GA.jar;C:\Users\anton\.m2\repository\org\attoparser\attoparser\2.0.7.RELEASE\attoparser-2.0.7.RELEASE.jar;C:\Users\anton\.m2\repository\org\unbescape\unbescape\1.1.6.RELEASE\unbescape-1.1.6.RELEASE.jar;C:\Users\anton\.m2\repository\org\slf4j\slf4j-api\2.0.16\slf4j-api-2.0.16.jar;C:\Users\anton\.m2\repository\org\springframework\boot\spring-boot-starter-test\3.4.1\spring-boot-starter-test-3.4.1.jar;C:\Users\anton\.m2\repository\org\springframework\boot\spring-boot-test\3.4.1\spring-boot-test-3.4.1.jar;C:\Users\anton\.m2\repository\org\springframework\boot\spring-boot-test-autoconfigure\3.4.1\spring-boot-test-autoconfigure-3.4.1.jar;C:\Users\anton\.m2\repository\com\jayway\jsonpath\json-path\2.9.0\json-path-2.9.0.jar;C:\Users\anton\.m2\repository\jakarta\xml\bind\jakarta.xml.bind-api\4.0.2\jakarta.xml.bind-api-4.0.2.jar;C:\Users\anton\.m2\repository\jakarta\activation\jakarta.activation-api\2.1.3\jakarta.activation-api-2.1.3.jar;C:\Users\anton\.m2\repository\net\minidev\json-smart\2.5.1\json-smart-2.5.1.jar;C:\Users\anton\.m2\repository\net\minidev\accessors-smart\2.5.1\accessors-smart-2.5.1.jar;C:\Users\anton\.m2\repository\org\assertj\assertj-core\3.26.3\assertj-core-3.26.3.jar;C:\Users\anton\.m2\repository\org\awaitility\awaitility\4.2.2\awaitility-4.2.2.jar;C:\Users\anton\.m2\repository\org\hamcrest\hamcrest\2.2\hamcrest-2.2.jar;C:\Users\anton\.m2\repository\org\junit\jupiter\junit-jupiter\5.11.4\junit-jupiter-5.11.4.jar;C:\Users\anton\.m2\repository\org\junit\jupiter\junit-jupiter-api\5.11.4\junit-jupiter-api-5.11.4.jar;C:\Users\anton\.m2\repository\org\opentest4j\opentest4j\1.3.0\opentest4j-1.3.0.jar;C:\Users\anton\.m2\repository\org\junit\platform\junit-platform-commons\1.11.4\junit-platform-commons-1.11.4.jar;C:\Users\anton\.m2\repository\org\apiguardian\apiguardian-api\1.1.2\apiguardian-api-1.1.2.jar;C:\Users\anton\.m2\repository\org\junit\jupiter\junit-jupiter-params\5.11.4\junit-jupiter-params-5.11.4.jar;C:\Users\anton\.m2\repository\org\junit\jupiter\junit-jupiter-engine\5.11.4\junit-jupiter-engine-5.11.4.jar;C:\Users\anton\.m2\repository\org\junit\platform\junit-platform-engine\1.11.4\junit-platform-engine-1.11.4.jar;C:\Users\anton\.m2\repository\org\mockito\mockito-core\5.14.2\mockito-core-5.14.2.jar;C:\Users\anton\.m2\repository\net\bytebuddy\byte-buddy-agent\1.15.11\byte-buddy-agent-1.15.11.jar;C:\Users\anton\.m2\repository\org\objenesis\objenesis\3.3\objenesis-3.3.jar;C:\Users\anton\.m2\repository\org\mockito\mockito-junit-jupiter\5.14.2\mockito-junit-jupiter-5.14.2.jar;C:\Users\anton\.m2\repository\org\skyscreamer\jsonassert\1.5.3\jsonassert-1.5.3.jar;C:\Users\anton\.m2\repository\com\vaadin\external\google\android-json\0.0.20131108.vaadin1\android-json-0.0.20131108.vaadin1.jar;C:\Users\anton\.m2\repository\org\springframework\spring-core\6.2.1\spring-core-6.2.1.jar;C:\Users\anton\.m2\repository\org\springframework\spring-jcl\6.2.1\spring-jcl-6.2.1.jar;C:\Users\anton\.m2\repository\org\springframework\spring-test\6.2.1\spring-test-6.2.1.jar;C:\Users\anton\.m2\repository\org\xmlunit\xmlunit-core\2.10.0\xmlunit-core-2.10.0.jar;C:\Users\anton\.m2\repository\junit\junit\4.13.2\junit-4.13.2.jar;C:\Users\anton\.m2\repository\org\hamcrest\hamcrest-core\2.2\hamcrest-core-2.2.jar;C:\Users\anton\.m2\repository\jakarta\validation\jakarta.validation-api\3.0.2\jakarta.validation-api-3.0.2.jar;C:\Users\anton\.m2\repository\com\googlecode\json-simple\json-simple\1.1.1\json-simple-1.1.1.jar;C:\Users\anton\.m2\repository\commons-io\commons-io\2.8.0\commons-io-2.8.0.jar;C:\Users\anton\.m2\repository\org\jacoco\jacoco-maven-plugin\0.8.12\jacoco-maven-plugin-0.8.12.jar;C:\Users\anton\.m2\repository\org\codehaus\plexus\plexus-utils\3.0.24\plexus-utils-3.0.24.jar;C:\Users\anton\.m2\repository\org\apache\maven\shared\file-management\3.1.0\file-management-3.1.0.jar;C:\Users\anton\.m2\repository\org\apache\maven\reporting\maven-reporting-api\3.0\maven-reporting-api-3.0.jar;C:\Users\anton\.m2\repository\org\apache\maven\doxia\doxia-sink-api\1.0\doxia-sink-api-1.0.jar;C:\Users\anton\.m2\repository\org\jacoco\org.jacoco.agent\0.8.12\org.jacoco.agent-0.8.12-runtime.jar;C:\Users\anton\.m2\repository\org\jacoco\org.jacoco.core\0.8.12\org.jacoco.core-0.8.12.jar;C:\Users\anton\.m2\repository\org\ow2\asm\asm\9.7\asm-9.7.jar;C:\Users\anton\.m2\repository\org\ow2\asm\asm-commons\9.7\asm-commons-9.7.jar;C:\Users\anton\.m2\repository\org\ow2\asm\asm-tree\9.7\asm-tree-9.7.jar;C:\Users\anton\.m2\repository\org\jacoco\org.jacoco.report\0.8.12\org.jacoco.report-0.8.12.jar;C:\Users\anton\.m2\repository\org\apache\maven\plugins\maven-surefire-plugin\3.5.2\maven-surefire-plugin-3.5.2.jar;C:\Users\anton\.m2\repository\org\apache\maven\surefire\surefire-api\3.5.2\surefire-api-3.5.2.jar;C:\Users\anton\.m2\repository\org\apache\maven\surefire\surefire-logger-api\3.5.2\surefire-logger-api-3.5.2.jar;C:\Users\anton\.m2\repository\org\apache\maven\surefire\surefire-shared-utils\3.5.2\surefire-shared-utils-3.5.2.jar;C:\Users\anton\.m2\repository\org\apache\maven\surefire\surefire-extensions-api\3.5.2\surefire-extensions-api-3.5.2.jar;C:\Users\anton\.m2\repository\org\apache\maven\surefire\maven-surefire-common\3.5.2\maven-surefire-common-3.5.2.jar;C:\Users\anton\.m2\repository\org\apache\maven\surefire\surefire-booter\3.5.2\surefire-booter-3.5.2.jar;C:\Users\anton\.m2\repository\org\apache\maven\surefire\surefire-extensions-spi\3.5.2\surefire-extensions-spi-3.5.2.jar;C:\Users\anton\.m2\repository\org\apache\maven\resolver\maven-resolver-util\1.4.1\maven-resolver-util-1.4.1.jar;C:\Users\anton\.m2\repository\org\apache\maven\resolver\maven-resolver-api\1.4.1\maven-resolver-api-1.4.1.jar;C:\Users\anton\.m2\repository\org\apache\maven\shared\maven-common-artifact-filters\3.4.0\maven-common-artifact-filters-3.4.0.jar;C:\Users\anton\.m2\repository\org\codehaus\plexus\plexus-java\1.3.0\plexus-java-1.3.0.jar;C:\Users\anton\.m2\repository\com\thoughtworks\qdox\qdox\2.1.0\qdox-2.1.0.jar;C:\Users\anton\.m2\repository\org\jboss\logging\jboss-logging\3.6.1.Final\jboss-logging-3.6.1.Final.jar;C:\Users\anton\.m2\repository\org\springframework\boot\spring-boot-starter-actuator\3.4.1\spring-boot-starter-actuator-3.4.1.jar;C:\Users\anton\.m2\repository\org\springframework\boot\spring-boot-actuator-autoconfigure\3.4.1\spring-boot-actuator-autoconfigure-3.4.1.jar;C:\Users\anton\.m2\repository\org\springframework\boot\spring-boot-actuator\3.4.1\spring-boot-actuator-3.4.1.jar;C:\Users\anton\.m2\repository\io\micrometer\micrometer-observation\1.14.2\micrometer-observation-1.14.2.jar;C:\Users\anton\.m2\repository\io\micrometer\micrometer-commons\1.14.2\micrometer-commons-1.14.2.jar;C:\Users\anton\.m2\repository\io\micrometer\micrometer-jakarta9\1.14.2\micrometer-jakarta9-1.14.2.jar;C:\Users\anton\.m2\repository\io\micrometer\micrometer-core\1.14.2\micrometer-core-1.14.2.jar;C:\Users\anton\.m2\repository\org\hdrhistogram\HdrHistogram\2.2.2\HdrHistogram-2.2.2.jar;C:\Users\anton\.m2\repository\org\latencyutils\LatencyUtils\2.0.3\LatencyUtils-2.0.3.jar;C:\Users\anton\.m2\repository\org\hibernate\validator\hibernate-validator\8.0.2.Final\hibernate-validator-8.0.2.Final.jar;C:\Users\anton\.m2\repository\com\fasterxml\classmate\1.7.0\classmate-1.7.0.jar;C:\Users\anton\.m2\repository\org\glassfish\jakarta.el\5.0.0-M1\jakarta.el-5.0.0-M1.jar;C:\Users\anton\.m2\repository\jakarta\el\jakarta.el-api\5.0.0\jakarta.el-api-5.0.0.jar;"/>
    <property name="sun.cpu.endian" value="little"/>
    <property name="user.home" value="C:\Users\anton"/>
    <property name="user.language" value="it"/>
    <property name="java.specification.vendor" value="Oracle Corporation"/>
    <property name="java.version.date" value="2024-10-15"/>
    <property name="java.home" value="C:\Program Files\Java\jdk-23"/>
    <property name="file.separator" value="\"/>
    <property name="basedir" value="C:\Users\anton\IdeaProjects\Bibliotet3"/>
    <property name="java.vm.compressedOopsMode" value="Zero based"/>
    <property name="line.separator" value="&#10;"/>
    <property name="java.vm.specification.vendor" value="Oracle Corporation"/>
    <property name="java.specification.name" value="Java Platform API Specification"/>
    <property name="FILE_LOG_CHARSET" value="UTF-8"/>
    <property name="java.awt.headless" value="true"/>
    <property name="surefire.real.class.path" value="C:\Users\anton\AppData\Local\Temp\surefire2576266347971769043\surefirebooter11423826616555176608.jar"/>
    <property name="user.script" value=""/>
    <property name="sun.management.compiler" value="HotSpot 64-Bit Tiered Compilers"/>
    <property name="java.runtime.version" value="23.0.1+11-39"/>
    <property name="user.name" value="anton"/>
    <property name="stdout.encoding" value="Cp1252"/>
    <property name="path.separator" value=";"/>
    <property name="os.version" value="10.0"/>
    <property name="java.runtime.name" value="Java(TM) SE Runtime Environment"/>
    <property name="file.encoding" value="UTF-8"/>
    <property name="java.vm.name" value="Java HotSpot(TM) 64-Bit Server VM"/>
    <property name="localRepository" value="C:\Users\anton\.m2\repository"/>
    <property name="java.vendor.url.bug" value="https://bugreport.java.com/bugreport/"/>
    <property name="java.io.tmpdir" value="C:\Users\anton\AppData\Local\Temp\"/>
    <property name="com.zaxxer.hikari.pool_number" value="17"/>
    <property name="java.version" value="23.0.1"/>
    <property name="user.dir" value="C:\Users\anton\IdeaProjects\Bibliotet3"/>
    <property name="os.arch" value="amd64"/>
    <property name="java.vm.specification.name" value="Java Virtual Machine Specification"/>
    <property name="PID" value="23276"/>
    <property name="sun.os.patch.level" value=""/>
    <property name="CONSOLE_LOG_CHARSET" value="UTF-8"/>
    <property name="native.encoding" value="Cp1252"/>
    <property name="java.library.path" value="C:\Program Files\Java\jdk-23\bin;C:\WINDOWS\Sun\Java\bin;C:\WINDOWS\system32;C:\WINDOWS;C:\Program Files\Common Files\Oracle\Java\javapath;C:\Program Files (x86)\Common Files\Oracle\Java\java8path;C:\Program Files (x86)\Common Files\Oracle\Java\javapath;C:\Windows\system32;C:\Windows;C:\Windows\System32\Wbem;C:\Windows\System32\WindowsPowerShell\v1.0\;C:\Windows\System32\OpenSSH\;C:\Program Files (x86)\NVIDIA Corporation\PhysX\Common;C:\Program Files\NVIDIA Corporation\NVIDIA NvDLISR;C:\Program Files\Java\jdk-21\bin;C:\Program Files\dotnet\;C:\MinGW\bin;C:\WINDOWS\system32;C:\WINDOWS;C:\WINDOWS\System32\Wbem;C:\WINDOWS\System32\WindowsPowerShell\v1.0\;C:\WINDOWS\System32\OpenSSH\;C:\Program Files\Git\bin;C:\Program Files\Git\cmd;C:\Users\anton\AppData\Local\Programs\Python\Launcher\;C:\Users\anton\AppData\Local\Microsoft\WindowsApps;C:\Users\anton\AppData\Local\Programs\Microsoft VS Code\bin;C:\Users\anton\.dotnet\tools;C:\Program Files (x86)\Apache Software Foundation\apache-maven-3.9.9\bin;C:\flutter\bin;;."/>
    <property name="java.vm.info" value="mixed mode, sharing"/>
    <property name="stderr.encoding" value="Cp1252"/>
    <property name="java.vendor" value="Oracle Corporation"/>
    <property name="java.vm.version" value="23.0.1+11-39"/>
    <property name="sun.io.unicode.encoding" value="UnicodeLittle"/>
    <property name="java.class.version" value="67.0"/>
  </properties>
  <testcase name="visualizzaListaEventiClubInesistenteTest" classname="it.unisa.biblionet.clubDelLibro.controller.ClubDelLibroControllerIntegrationTest" time="20.117">
    <system-out><![CDATA[2025-01-20T23:20:27.074+01:00  INFO 23276 --- [           main] o.s.b.d.r.RestartApplicationListener     : Restart disabled due to context in which it is running

  .   ____          _            __ _ _
 /\\ / ___'_ __ _ _(_)_ __  __ _ \ \ \ \
( ( )\___ | '_ | '_| | '_ \/ _` | \ \ \ \
 \\/  ___)| |_)| | | | | || (_| |  ) ) ) )
  '  |____| .__|_| |_|_| |_\__, | / / / /
 =========|_|==============|___/=/_/_/_/

 :: Spring Boot ::                (v3.4.1)

2025-01-20T23:20:27.111+01:00  INFO 23276 --- [           main] .c.ClubDelLibroControllerIntegrationTest : Starting ClubDelLibroControllerIntegrationTest using Java 23.0.1 with PID 23276 (started by anton in C:\Users\anton\IdeaProjects\Bibliotet3)
2025-01-20T23:20:27.111+01:00  INFO 23276 --- [           main] .c.ClubDelLibroControllerIntegrationTest : No active profile set, falling back to 1 default profile: "default"
2025-01-20T23:20:27.371+01:00  INFO 23276 --- [           main] .s.d.r.c.RepositoryConfigurationDelegate : Bootstrapping Spring Data JPA repositories in DEFAULT mode.
2025-01-20T23:20:27.441+01:00  INFO 23276 --- [           main] .s.d.r.c.RepositoryConfigurationDelegate : Finished Spring Data repository scanning in 69 ms. Found 15 JPA repository interfaces.
2025-01-20T23:20:27.518+01:00  INFO 23276 --- [           main] com.zaxxer.hikari.HikariDataSource       : HikariPool-15 - Starting...
2025-01-20T23:20:27.520+01:00  INFO 23276 --- [           main] com.zaxxer.hikari.pool.HikariPool        : HikariPool-15 - Added connection conn140: url=jdbc:h2:mem:db user=SA
2025-01-20T23:20:27.520+01:00  INFO 23276 --- [           main] com.zaxxer.hikari.HikariDataSource       : HikariPool-15 - Start completed.
2025-01-20T23:20:27.545+01:00  INFO 23276 --- [           main] o.hibernate.jpa.internal.util.LogHelper  : HHH000204: Processing PersistenceUnitInfo [name: default]
2025-01-20T23:20:27.548+01:00  INFO 23276 --- [           main] o.h.c.internal.RegionFactoryInitiator    : HHH000026: Second-level cache disabled
2025-01-20T23:20:27.572+01:00  INFO 23276 --- [           main] o.s.o.j.p.SpringPersistenceUnitInfo      : No LoadTimeWeaver setup: ignoring JPA class transformer
2025-01-20T23:20:27.573+01:00  INFO 23276 --- [           main] org.hibernate.orm.connections.pooling    : HHH10001005: Database info:
	Database JDBC URL [Connecting through datasource 'HikariDataSource (HikariPool-15)']
	Database driver: undefined/unknown
	Database version: 2.3.232
	Autocommit mode: undefined/unknown
	Isolation level: undefined/unknown
	Minimum pool size: undefined/unknown
	Maximum pool size: undefined/unknown
2025-01-20T23:20:27.779+01:00  INFO 23276 --- [           main] o.h.e.t.j.p.i.JtaPlatformInitiator       : HHH000489: No JTA platform available (set 'hibernate.transaction.jta.platform' to enable JTA platform integration)
2025-01-20T23:20:27.792+01:00  INFO 23276 --- [           main] j.LocalContainerEntityManagerFactoryBean : Initialized JPA EntityManagerFactory for persistence unit 'default'
2025-01-20T23:20:28.034+01:00  WARN 23276 --- [           main] JpaBaseConfiguration$JpaWebConfiguration : spring.jpa.open-in-view is enabled by default. Therefore, database queries may be performed during view rendering. Explicitly configure spring.jpa.open-in-view to disable this warning
2025-01-20T23:20:28.052+01:00  INFO 23276 --- [           main] o.s.b.a.w.s.WelcomePageHandlerMapping    : Adding welcome page template: index
2025-01-20T23:20:28.314+01:00  INFO 23276 --- [           main] o.s.b.t.m.w.SpringBootMockServletContext : Initializing Spring TestDispatcherServlet ''
2025-01-20T23:20:28.314+01:00  INFO 23276 --- [           main] o.s.t.web.servlet.TestDispatcherServlet  : Initializing Servlet ''
2025-01-20T23:20:28.317+01:00  INFO 23276 --- [           main] o.s.b.a.e.web.EndpointLinksResolver      : Exposing 1 endpoint beneath base path '/actuator'
2025-01-20T23:20:28.322+01:00  INFO 23276 --- [           main] o.s.t.web.servlet.TestDispatcherServlet  : Completed initialization in 8 ms
2025-01-20T23:20:28.333+01:00  INFO 23276 --- [           main] .c.ClubDelLibroControllerIntegrationTest : Started ClubDelLibroControllerIntegrationTest in 1.26 seconds (process running for 261.833)
2025-01-20T23:20:28.339+01:00  INFO 23276 --- [           main] i.unisa.biblionet.BiblionetApplication   : ***************************INIZIALIZZAZIONE DI BIBLIONET IN CORSO...***************************
2025-01-20T23:20:28.349+01:00  INFO 23276 --- [           main] i.unisa.biblionet.BiblionetApplication   : *************************** Biblioteche create 1/9 ***************************
2025-01-20T23:20:28.360+01:00  INFO 23276 --- [           main] i.unisa.biblionet.BiblionetApplication   : *************************** Esperti creati 2/9 ***************************
2025-01-20T23:20:28.367+01:00  INFO 23276 --- [           main] i.unisa.biblionet.BiblionetApplication   : *************************** Esperti creati 3/9 ***************************
2025-01-20T23:20:28.372+01:00  INFO 23276 --- [           main] i.unisa.biblionet.BiblionetApplication   : *************************** Generi creati 4/9 ***************************
2025-01-20T23:20:28.372+01:00  INFO 23276 --- [           main] i.unisa.biblionet.BiblionetApplication   : *************************** Caricamento libro 1/41 ***************************
2025-01-20T23:20:28.867+01:00  INFO 23276 --- [           main] i.unisa.biblionet.BiblionetApplication   : *************************** Caricamento libro 2/41 ***************************
2025-01-20T23:20:29.389+01:00  INFO 23276 --- [           main] i.unisa.biblionet.BiblionetApplication   : *************************** Caricamento libro 3/41 ***************************
2025-01-20T23:20:29.878+01:00  INFO 23276 --- [           main] i.unisa.biblionet.BiblionetApplication   : *************************** Caricamento libro 4/41 ***************************
2025-01-20T23:20:30.375+01:00  INFO 23276 --- [           main] i.unisa.biblionet.BiblionetApplication   : *************************** Caricamento libro 5/41 ***************************
2025-01-20T23:20:30.884+01:00  INFO 23276 --- [           main] i.unisa.biblionet.BiblionetApplication   : *************************** Caricamento libro 6/41 ***************************
2025-01-20T23:20:31.362+01:00  INFO 23276 --- [           main] i.unisa.biblionet.BiblionetApplication   : *************************** Caricamento libro 7/41 ***************************
2025-01-20T23:20:31.843+01:00  INFO 23276 --- [           main] i.unisa.biblionet.BiblionetApplication   : *************************** Caricamento libro 8/41 ***************************
2025-01-20T23:20:32.098+01:00  INFO 23276 --- [           main] i.unisa.biblionet.BiblionetApplication   : *************************** Caricamento libro 9/41 ***************************
2025-01-20T23:20:32.594+01:00  INFO 23276 --- [           main] i.unisa.biblionet.BiblionetApplication   : *************************** Caricamento libro 10/41 ***************************
2025-01-20T23:20:32.884+01:00  INFO 23276 --- [           main] i.unisa.biblionet.BiblionetApplication   : *************************** Caricamento libro 11/41 ***************************
2025-01-20T23:20:33.366+01:00  INFO 23276 --- [           main] i.unisa.biblionet.BiblionetApplication   : *************************** Caricamento libro 12/41 ***************************
2025-01-20T23:20:33.866+01:00  INFO 23276 --- [           main] i.unisa.biblionet.BiblionetApplication   : *************************** Caricamento libro 13/41 ***************************
2025-01-20T23:20:34.376+01:00  INFO 23276 --- [           main] i.unisa.biblionet.BiblionetApplication   : *************************** Caricamento libro 14/41 ***************************
2025-01-20T23:20:34.634+01:00  INFO 23276 --- [           main] i.unisa.biblionet.BiblionetApplication   : *************************** Caricamento libro 15/41 ***************************
2025-01-20T23:20:35.118+01:00  INFO 23276 --- [           main] i.unisa.biblionet.BiblionetApplication   : *************************** Caricamento libro 16/41 ***************************
2025-01-20T23:20:35.614+01:00  INFO 23276 --- [           main] i.unisa.biblionet.BiblionetApplication   : *************************** Caricamento libro 17/41 ***************************
2025-01-20T23:20:36.138+01:00  INFO 23276 --- [           main] i.unisa.biblionet.BiblionetApplication   : *************************** Caricamento libro 18/41 ***************************
2025-01-20T23:20:36.654+01:00  INFO 23276 --- [           main] i.unisa.biblionet.BiblionetApplication   : *************************** Caricamento libro 19/41 ***************************
2025-01-20T23:20:37.139+01:00  INFO 23276 --- [           main] i.unisa.biblionet.BiblionetApplication   : *************************** Caricamento libro 20/41 ***************************
2025-01-20T23:20:37.686+01:00  INFO 23276 --- [           main] i.unisa.biblionet.BiblionetApplication   : *************************** Caricamento libro 21/41 ***************************
2025-01-20T23:20:38.157+01:00  INFO 23276 --- [           main] i.unisa.biblionet.BiblionetApplication   : *************************** Caricamento libro 22/41 ***************************
2025-01-20T23:20:38.739+01:00  INFO 23276 --- [           main] i.unisa.biblionet.BiblionetApplication   : *************************** Caricamento libro 23/41 ***************************
2025-01-20T23:20:39.295+01:00  INFO 23276 --- [           main] i.unisa.biblionet.BiblionetApplication   : *************************** Caricamento libro 24/41 ***************************
2025-01-20T23:20:39.551+01:00  INFO 23276 --- [           main] i.unisa.biblionet.BiblionetApplication   : *************************** Caricamento libro 25/41 ***************************
2025-01-20T23:20:40.037+01:00  INFO 23276 --- [           main] i.unisa.biblionet.BiblionetApplication   : *************************** Caricamento libro 26/41 ***************************
2025-01-20T23:20:40.509+01:00  INFO 23276 --- [           main] i.unisa.biblionet.BiblionetApplication   : *************************** Caricamento libro 27/41 ***************************
2025-01-20T23:20:41.016+01:00  INFO 23276 --- [           main] i.unisa.biblionet.BiblionetApplication   : *************************** Caricamento libro 28/41 ***************************
2025-01-20T23:20:41.262+01:00  INFO 23276 --- [           main] i.unisa.biblionet.BiblionetApplication   : *************************** Caricamento libro 29/41 ***************************
2025-01-20T23:20:41.819+01:00  INFO 23276 --- [           main] i.unisa.biblionet.BiblionetApplication   : *************************** Caricamento libro 30/41 ***************************
2025-01-20T23:20:42.265+01:00  INFO 23276 --- [           main] i.unisa.biblionet.BiblionetApplication   : *************************** Caricamento libro 31/41 ***************************
2025-01-20T23:20:42.797+01:00  INFO 23276 --- [           main] i.unisa.biblionet.BiblionetApplication   : *************************** Caricamento libro 32/41 ***************************
2025-01-20T23:20:43.580+01:00  INFO 23276 --- [           main] i.unisa.biblionet.BiblionetApplication   : *************************** Caricamento libro 33/41 ***************************
2025-01-20T23:20:44.028+01:00  INFO 23276 --- [           main] i.unisa.biblionet.BiblionetApplication   : *************************** Caricamento libro 34/41 ***************************
2025-01-20T23:20:44.507+01:00  INFO 23276 --- [           main] i.unisa.biblionet.BiblionetApplication   : *************************** Caricamento libro 35/41 ***************************
2025-01-20T23:20:44.653+01:00  INFO 23276 --- [           main] i.unisa.biblionet.BiblionetApplication   : *************************** Caricamento libro 36/41 ***************************
2025-01-20T23:20:45.221+01:00  INFO 23276 --- [           main] i.unisa.biblionet.BiblionetApplication   : *************************** Caricamento libro 37/41 ***************************
2025-01-20T23:20:46.210+01:00  INFO 23276 --- [           main] i.unisa.biblionet.BiblionetApplication   : *************************** Caricamento libro 38/41 ***************************
2025-01-20T23:20:46.692+01:00  INFO 23276 --- [           main] i.unisa.biblionet.BiblionetApplication   : *************************** Caricamento libro 39/41 ***************************
2025-01-20T23:20:47.175+01:00  INFO 23276 --- [           main] i.unisa.biblionet.BiblionetApplication   : *************************** Caricamento libro 40/41 ***************************
2025-01-20T23:20:47.659+01:00  INFO 23276 --- [           main] i.unisa.biblionet.BiblionetApplication   : *************************** Caricamento libro 41/41 ***************************
2025-01-20T23:20:48.228+01:00  INFO 23276 --- [           main] i.unisa.biblionet.BiblionetApplication   : *************************** Libri creati 5/9 ***************************
2025-01-20T23:20:48.229+01:00  INFO 23276 --- [           main] i.unisa.biblionet.BiblionetApplication   : *************************** Inserimento Possessi biblioteca 1/10 ***************************
2025-01-20T23:20:48.230+01:00  INFO 23276 --- [           main] i.unisa.biblionet.BiblionetApplication   : *************************** Inserimento Possessi biblioteca 2/10 ***************************
2025-01-20T23:20:48.231+01:00  INFO 23276 --- [           main] i.unisa.biblionet.BiblionetApplication   : *************************** Inserimento Possessi biblioteca 3/10 ***************************
2025-01-20T23:20:48.232+01:00  INFO 23276 --- [           main] i.unisa.biblionet.BiblionetApplication   : *************************** Inserimento Possessi biblioteca 4/10 ***************************
2025-01-20T23:20:48.233+01:00  INFO 23276 --- [           main] i.unisa.biblionet.BiblionetApplication   : *************************** Inserimento Possessi biblioteca 5/10 ***************************
2025-01-20T23:20:48.234+01:00  INFO 23276 --- [           main] i.unisa.biblionet.BiblionetApplication   : *************************** Inserimento Possessi biblioteca 6/10 ***************************
2025-01-20T23:20:48.235+01:00  INFO 23276 --- [           main] i.unisa.biblionet.BiblionetApplication   : *************************** Inserimento Possessi biblioteca 7/10 ***************************
2025-01-20T23:20:48.237+01:00  INFO 23276 --- [           main] i.unisa.biblionet.BiblionetApplication   : *************************** Inserimento Possessi biblioteca 8/10 ***************************
2025-01-20T23:20:48.238+01:00  INFO 23276 --- [           main] i.unisa.biblionet.BiblionetApplication   : *************************** Inserimento Possessi biblioteca 9/10 ***************************
2025-01-20T23:20:48.239+01:00  INFO 23276 --- [           main] i.unisa.biblionet.BiblionetApplication   : *************************** Inserimento Possessi biblioteca 10/10 ***************************
2025-01-20T23:20:48.240+01:00  INFO 23276 --- [           main] i.unisa.biblionet.BiblionetApplication   : *************************** Possessi creati 6/9 ***************************
2025-01-20T23:20:48.244+01:00  INFO 23276 --- [           main] i.unisa.biblionet.BiblionetApplication   : *************************** Ticket creati 7/9 ***************************
2025-01-20T23:20:48.256+01:00  INFO 23276 --- [           main] i.unisa.biblionet.BiblionetApplication   : *************************** Club del Libro creati 8/9 ***************************
2025-01-20T23:20:48.259+01:00  INFO 23276 --- [           main] i.unisa.biblionet.BiblionetApplication   : *************************** Eventi creati 9/9 ***************************
2025-01-20T23:20:48.259+01:00  INFO 23276 --- [           main] i.unisa.biblionet.BiblionetApplication   : *************************** Recensioni create 3/3 ***************************
2025-01-20T23:20:48.262+01:00  INFO 23276 --- [           main] i.unisa.biblionet.BiblionetApplication   : *************************** DomandeBot create 4/4 ***************************
2025-01-20T23:20:48.263+01:00  INFO 23276 --- [           main] i.unisa.biblionet.BiblionetApplication   : *************************** DomandeBot create 4/4 ***************************
2025-01-20T23:20:48.265+01:00  INFO 23276 --- [           main] i.unisa.biblionet.BiblionetApplication   : *************************** RipsotaBot create 1/5 ***************************
2025-01-20T23:20:48.268+01:00  INFO 23276 --- [           main] i.unisa.biblionet.BiblionetApplication   : *************************** RispostaBot create 2/5 ***************************
2025-01-20T23:20:48.269+01:00  INFO 23276 --- [           main] i.unisa.biblionet.BiblionetApplication   : *************************** RispostaBot create 3/5 ***************************
2025-01-20T23:20:48.271+01:00  INFO 23276 --- [           main] i.unisa.biblionet.BiblionetApplication   : *************************** RispostaBot create 4/5 ***************************
2025-01-20T23:20:48.272+01:00  INFO 23276 --- [           main] i.unisa.biblionet.BiblionetApplication   : *************************** RispostaBot create 5/5 ***************************
2025-01-20T23:20:48.419+01:00  INFO 23276 --- [           main] i.unisa.biblionet.BiblionetApplication   : *************************** INIZIALIZZAZIONE DI BIBLIONET TERMINATA ***************************
2025-01-20T23:20:48.448+01:00  INFO 23276 --- [           main] j.LocalContainerEntityManagerFactoryBean : Closing JPA EntityManagerFactory for persistence unit 'default'
2025-01-20T23:20:48.451+01:00  INFO 23276 --- [           main] com.zaxxer.hikari.HikariDataSource       : HikariPool-15 - Shutdown initiated...
2025-01-20T23:20:48.453+01:00  INFO 23276 --- [           main] com.zaxxer.hikari.HikariDataSource       : HikariPool-15 - Shutdown completed.
]]></system-out>
  </testcase>
  <testcase name="visualizzaListaEventiClubTest" classname="it.unisa.biblionet.clubDelLibro.controller.ClubDelLibroControllerIntegrationTest" time="19.698">
    <system-out><![CDATA[2025-01-20T23:20:48.455+01:00  INFO 23276 --- [           main] o.s.b.d.r.RestartApplicationListener     : Restart disabled due to context in which it is running

  .   ____          _            __ _ _
 /\\ / ___'_ __ _ _(_)_ __  __ _ \ \ \ \
( ( )\___ | '_ | '_| | '_ \/ _` | \ \ \ \
 \\/  ___)| |_)| | | | | || (_| |  ) ) ) )
  '  |____| .__|_| |_|_| |_\__, | / / / /
 =========|_|==============|___/=/_/_/_/

 :: Spring Boot ::                (v3.4.1)

2025-01-20T23:20:48.473+01:00  INFO 23276 --- [           main] .c.ClubDelLibroControllerIntegrationTest : Starting ClubDelLibroControllerIntegrationTest using Java 23.0.1 with PID 23276 (started by anton in C:\Users\anton\IdeaProjects\Bibliotet3)
2025-01-20T23:20:48.473+01:00  INFO 23276 --- [           main] .c.ClubDelLibroControllerIntegrationTest : No active profile set, falling back to 1 default profile: "default"
2025-01-20T23:20:48.711+01:00  INFO 23276 --- [           main] .s.d.r.c.RepositoryConfigurationDelegate : Bootstrapping Spring Data JPA repositories in DEFAULT mode.
2025-01-20T23:20:48.766+01:00  INFO 23276 --- [           main] .s.d.r.c.RepositoryConfigurationDelegate : Finished Spring Data repository scanning in 53 ms. Found 15 JPA repository interfaces.
2025-01-20T23:20:48.831+01:00  INFO 23276 --- [           main] com.zaxxer.hikari.HikariDataSource       : HikariPool-16 - Starting...
2025-01-20T23:20:48.832+01:00  INFO 23276 --- [           main] com.zaxxer.hikari.pool.HikariPool        : HikariPool-16 - Added connection conn150: url=jdbc:h2:mem:db user=SA
2025-01-20T23:20:48.833+01:00  INFO 23276 --- [           main] com.zaxxer.hikari.HikariDataSource       : HikariPool-16 - Start completed.
2025-01-20T23:20:48.863+01:00  INFO 23276 --- [           main] o.hibernate.jpa.internal.util.LogHelper  : HHH000204: Processing PersistenceUnitInfo [name: default]
2025-01-20T23:20:48.866+01:00  INFO 23276 --- [           main] o.h.c.internal.RegionFactoryInitiator    : HHH000026: Second-level cache disabled
2025-01-20T23:20:48.887+01:00  INFO 23276 --- [           main] o.s.o.j.p.SpringPersistenceUnitInfo      : No LoadTimeWeaver setup: ignoring JPA class transformer
2025-01-20T23:20:48.888+01:00  INFO 23276 --- [           main] org.hibernate.orm.connections.pooling    : HHH10001005: Database info:
	Database JDBC URL [Connecting through datasource 'HikariDataSource (HikariPool-16)']
	Database driver: undefined/unknown
	Database version: 2.3.232
	Autocommit mode: undefined/unknown
	Isolation level: undefined/unknown
	Minimum pool size: undefined/unknown
	Maximum pool size: undefined/unknown
2025-01-20T23:20:49.091+01:00  INFO 23276 --- [           main] o.h.e.t.j.p.i.JtaPlatformInitiator       : HHH000489: No JTA platform available (set 'hibernate.transaction.jta.platform' to enable JTA platform integration)
2025-01-20T23:20:49.105+01:00  INFO 23276 --- [           main] j.LocalContainerEntityManagerFactoryBean : Initialized JPA EntityManagerFactory for persistence unit 'default'
2025-01-20T23:20:49.334+01:00  WARN 23276 --- [           main] JpaBaseConfiguration$JpaWebConfiguration : spring.jpa.open-in-view is enabled by default. Therefore, database queries may be performed during view rendering. Explicitly configure spring.jpa.open-in-view to disable this warning
2025-01-20T23:20:49.349+01:00  INFO 23276 --- [           main] o.s.b.a.w.s.WelcomePageHandlerMapping    : Adding welcome page template: index
2025-01-20T23:20:49.653+01:00  INFO 23276 --- [           main] o.s.b.t.m.w.SpringBootMockServletContext : Initializing Spring TestDispatcherServlet ''
2025-01-20T23:20:49.654+01:00  INFO 23276 --- [           main] o.s.t.web.servlet.TestDispatcherServlet  : Initializing Servlet ''
2025-01-20T23:20:49.656+01:00  INFO 23276 --- [           main] o.s.b.a.e.web.EndpointLinksResolver      : Exposing 1 endpoint beneath base path '/actuator'
2025-01-20T23:20:49.663+01:00  INFO 23276 --- [           main] o.s.t.web.servlet.TestDispatcherServlet  : Completed initialization in 9 ms
2025-01-20T23:20:49.676+01:00  INFO 23276 --- [           main] .c.ClubDelLibroControllerIntegrationTest : Started ClubDelLibroControllerIntegrationTest in 1.221 seconds (process running for 283.175)
2025-01-20T23:20:49.680+01:00  INFO 23276 --- [           main] i.unisa.biblionet.BiblionetApplication   : ***************************INIZIALIZZAZIONE DI BIBLIONET IN CORSO...***************************
2025-01-20T23:20:49.689+01:00  INFO 23276 --- [           main] i.unisa.biblionet.BiblionetApplication   : *************************** Biblioteche create 1/9 ***************************
2025-01-20T23:20:49.699+01:00  INFO 23276 --- [           main] i.unisa.biblionet.BiblionetApplication   : *************************** Esperti creati 2/9 ***************************
2025-01-20T23:20:49.703+01:00  INFO 23276 --- [           main] i.unisa.biblionet.BiblionetApplication   : *************************** Esperti creati 3/9 ***************************
2025-01-20T23:20:49.708+01:00  INFO 23276 --- [           main] i.unisa.biblionet.BiblionetApplication   : *************************** Generi creati 4/9 ***************************
2025-01-20T23:20:49.708+01:00  INFO 23276 --- [           main] i.unisa.biblionet.BiblionetApplication   : *************************** Caricamento libro 1/41 ***************************
2025-01-20T23:20:50.294+01:00  INFO 23276 --- [           main] i.unisa.biblionet.BiblionetApplication   : *************************** Caricamento libro 2/41 ***************************
2025-01-20T23:20:50.870+01:00  INFO 23276 --- [           main] i.unisa.biblionet.BiblionetApplication   : *************************** Caricamento libro 3/41 ***************************
2025-01-20T23:20:51.362+01:00  INFO 23276 --- [           main] i.unisa.biblionet.BiblionetApplication   : *************************** Caricamento libro 4/41 ***************************
2025-01-20T23:20:51.881+01:00  INFO 23276 --- [           main] i.unisa.biblionet.BiblionetApplication   : *************************** Caricamento libro 5/41 ***************************
2025-01-20T23:20:52.405+01:00  INFO 23276 --- [           main] i.unisa.biblionet.BiblionetApplication   : *************************** Caricamento libro 6/41 ***************************
2025-01-20T23:20:52.915+01:00  INFO 23276 --- [           main] i.unisa.biblionet.BiblionetApplication   : *************************** Caricamento libro 7/41 ***************************
2025-01-20T23:20:53.362+01:00  INFO 23276 --- [           main] i.unisa.biblionet.BiblionetApplication   : *************************** Caricamento libro 8/41 ***************************
2025-01-20T23:20:53.599+01:00  INFO 23276 --- [           main] i.unisa.biblionet.BiblionetApplication   : *************************** Caricamento libro 9/41 ***************************
2025-01-20T23:20:54.105+01:00  INFO 23276 --- [           main] i.unisa.biblionet.BiblionetApplication   : *************************** Caricamento libro 10/41 ***************************
2025-01-20T23:20:54.350+01:00  INFO 23276 --- [           main] i.unisa.biblionet.BiblionetApplication   : *************************** Caricamento libro 11/41 ***************************
2025-01-20T23:20:54.965+01:00  INFO 23276 --- [           main] i.unisa.biblionet.BiblionetApplication   : *************************** Caricamento libro 12/41 ***************************
2025-01-20T23:20:55.523+01:00  INFO 23276 --- [           main] i.unisa.biblionet.BiblionetApplication   : *************************** Caricamento libro 13/41 ***************************
2025-01-20T23:20:56.004+01:00  INFO 23276 --- [           main] i.unisa.biblionet.BiblionetApplication   : *************************** Caricamento libro 14/41 ***************************
2025-01-20T23:20:56.248+01:00  INFO 23276 --- [           main] i.unisa.biblionet.BiblionetApplication   : *************************** Caricamento libro 15/41 ***************************
2025-01-20T23:20:56.710+01:00  INFO 23276 --- [           main] i.unisa.biblionet.BiblionetApplication   : *************************** Caricamento libro 16/41 ***************************
2025-01-20T23:20:57.200+01:00  INFO 23276 --- [           main] i.unisa.biblionet.BiblionetApplication   : *************************** Caricamento libro 17/41 ***************************
2025-01-20T23:20:57.687+01:00  INFO 23276 --- [           main] i.unisa.biblionet.BiblionetApplication   : *************************** Caricamento libro 18/41 ***************************
2025-01-20T23:20:58.241+01:00  INFO 23276 --- [           main] i.unisa.biblionet.BiblionetApplication   : *************************** Caricamento libro 19/41 ***************************
2025-01-20T23:20:58.738+01:00  INFO 23276 --- [           main] i.unisa.biblionet.BiblionetApplication   : *************************** Caricamento libro 20/41 ***************************
2025-01-20T23:20:59.213+01:00  INFO 23276 --- [           main] i.unisa.biblionet.BiblionetApplication   : *************************** Caricamento libro 21/41 ***************************
2025-01-20T23:20:59.668+01:00  INFO 23276 --- [           main] i.unisa.biblionet.BiblionetApplication   : *************************** Caricamento libro 22/41 ***************************
2025-01-20T23:21:00.168+01:00  INFO 23276 --- [           main] i.unisa.biblionet.BiblionetApplication   : *************************** Caricamento libro 23/41 ***************************
2025-01-20T23:21:00.639+01:00  INFO 23276 --- [           main] i.unisa.biblionet.BiblionetApplication   : *************************** Caricamento libro 24/41 ***************************
2025-01-20T23:21:00.899+01:00  INFO 23276 --- [           main] i.unisa.biblionet.BiblionetApplication   : *************************** Caricamento libro 25/41 ***************************
2025-01-20T23:21:01.361+01:00  INFO 23276 --- [           main] i.unisa.biblionet.BiblionetApplication   : *************************** Caricamento libro 26/41 ***************************
2025-01-20T23:21:01.860+01:00  INFO 23276 --- [           main] i.unisa.biblionet.BiblionetApplication   : *************************** Caricamento libro 27/41 ***************************
2025-01-20T23:21:02.332+01:00  INFO 23276 --- [           main] i.unisa.biblionet.BiblionetApplication   : *************************** Caricamento libro 28/41 ***************************
2025-01-20T23:21:02.579+01:00  INFO 23276 --- [           main] i.unisa.biblionet.BiblionetApplication   : *************************** Caricamento libro 29/41 ***************************
2025-01-20T23:21:03.215+01:00  INFO 23276 --- [           main] i.unisa.biblionet.BiblionetApplication   : *************************** Caricamento libro 30/41 ***************************
2025-01-20T23:21:03.833+01:00  INFO 23276 --- [           main] i.unisa.biblionet.BiblionetApplication   : *************************** Caricamento libro 31/41 ***************************
2025-01-20T23:21:04.029+01:00  INFO 23276 --- [           main] i.unisa.biblionet.BiblionetApplication   : *************************** Caricamento libro 32/41 ***************************
2025-01-20T23:21:04.879+01:00  INFO 23276 --- [           main] i.unisa.biblionet.BiblionetApplication   : *************************** Caricamento libro 33/41 ***************************
2025-01-20T23:21:05.073+01:00  INFO 23276 --- [           main] i.unisa.biblionet.BiblionetApplication   : *************************** Caricamento libro 34/41 ***************************
2025-01-20T23:21:05.472+01:00  INFO 23276 --- [           main] i.unisa.biblionet.BiblionetApplication   : *************************** Caricamento libro 35/41 ***************************
2025-01-20T23:21:06.135+01:00  INFO 23276 --- [           main] i.unisa.biblionet.BiblionetApplication   : *************************** Caricamento libro 36/41 ***************************
2025-01-20T23:21:06.800+01:00  INFO 23276 --- [           main] i.unisa.biblionet.BiblionetApplication   : *************************** Caricamento libro 37/41 ***************************
2025-01-20T23:21:07.267+01:00  INFO 23276 --- [           main] i.unisa.biblionet.BiblionetApplication   : *************************** Caricamento libro 38/41 ***************************
2025-01-20T23:21:07.840+01:00  INFO 23276 --- [           main] i.unisa.biblionet.BiblionetApplication   : *************************** Caricamento libro 39/41 ***************************
2025-01-20T23:21:08.038+01:00  INFO 23276 --- [           main] i.unisa.biblionet.BiblionetApplication   : *************************** Caricamento libro 40/41 ***************************
2025-01-20T23:21:08.861+01:00  INFO 23276 --- [           main] i.unisa.biblionet.BiblionetApplication   : *************************** Caricamento libro 41/41 ***************************
2025-01-20T23:21:09.068+01:00  INFO 23276 --- [           main] i.unisa.biblionet.BiblionetApplication   : *************************** Libri creati 5/9 ***************************
2025-01-20T23:21:09.068+01:00  INFO 23276 --- [           main] i.unisa.biblionet.BiblionetApplication   : *************************** Inserimento Possessi biblioteca 1/10 ***************************
2025-01-20T23:21:09.071+01:00  INFO 23276 --- [           main] i.unisa.biblionet.BiblionetApplication   : *************************** Inserimento Possessi biblioteca 2/10 ***************************
2025-01-20T23:21:09.072+01:00  INFO 23276 --- [           main] i.unisa.biblionet.BiblionetApplication   : *************************** Inserimento Possessi biblioteca 3/10 ***************************
2025-01-20T23:21:09.073+01:00  INFO 23276 --- [           main] i.unisa.biblionet.BiblionetApplication   : *************************** Inserimento Possessi biblioteca 4/10 ***************************
2025-01-20T23:21:09.074+01:00  INFO 23276 --- [           main] i.unisa.biblionet.BiblionetApplication   : *************************** Inserimento Possessi biblioteca 5/10 ***************************
2025-01-20T23:21:09.075+01:00  INFO 23276 --- [           main] i.unisa.biblionet.BiblionetApplication   : *************************** Inserimento Possessi biblioteca 6/10 ***************************
2025-01-20T23:21:09.075+01:00  INFO 23276 --- [           main] i.unisa.biblionet.BiblionetApplication   : *************************** Inserimento Possessi biblioteca 7/10 ***************************
2025-01-20T23:21:09.077+01:00  INFO 23276 --- [           main] i.unisa.biblionet.BiblionetApplication   : *************************** Inserimento Possessi biblioteca 8/10 ***************************
2025-01-20T23:21:09.079+01:00  INFO 23276 --- [           main] i.unisa.biblionet.BiblionetApplication   : *************************** Inserimento Possessi biblioteca 9/10 ***************************
2025-01-20T23:21:09.080+01:00  INFO 23276 --- [           main] i.unisa.biblionet.BiblionetApplication   : *************************** Inserimento Possessi biblioteca 10/10 ***************************
2025-01-20T23:21:09.081+01:00  INFO 23276 --- [           main] i.unisa.biblionet.BiblionetApplication   : *************************** Possessi creati 6/9 ***************************
2025-01-20T23:21:09.085+01:00  INFO 23276 --- [           main] i.unisa.biblionet.BiblionetApplication   : *************************** Ticket creati 7/9 ***************************
2025-01-20T23:21:09.095+01:00  INFO 23276 --- [           main] i.unisa.biblionet.BiblionetApplication   : *************************** Club del Libro creati 8/9 ***************************
2025-01-20T23:21:09.099+01:00  INFO 23276 --- [           main] i.unisa.biblionet.BiblionetApplication   : *************************** Eventi creati 9/9 ***************************
2025-01-20T23:21:09.099+01:00  INFO 23276 --- [           main] i.unisa.biblionet.BiblionetApplication   : *************************** Recensioni create 3/3 ***************************
2025-01-20T23:21:09.102+01:00  INFO 23276 --- [           main] i.unisa.biblionet.BiblionetApplication   : *************************** DomandeBot create 4/4 ***************************
2025-01-20T23:21:09.103+01:00  INFO 23276 --- [           main] i.unisa.biblionet.BiblionetApplication   : *************************** DomandeBot create 4/4 ***************************
2025-01-20T23:21:09.104+01:00  INFO 23276 --- [           main] i.unisa.biblionet.BiblionetApplication   : *************************** RipsotaBot create 1/5 ***************************
2025-01-20T23:21:09.108+01:00  INFO 23276 --- [           main] i.unisa.biblionet.BiblionetApplication   : *************************** RispostaBot create 2/5 ***************************
2025-01-20T23:21:09.109+01:00  INFO 23276 --- [           main] i.unisa.biblionet.BiblionetApplication   : *************************** RispostaBot create 3/5 ***************************
2025-01-20T23:21:09.110+01:00  INFO 23276 --- [           main] i.unisa.biblionet.BiblionetApplication   : *************************** RispostaBot create 4/5 ***************************
2025-01-20T23:21:09.111+01:00  INFO 23276 --- [           main] i.unisa.biblionet.BiblionetApplication   : *************************** RispostaBot create 5/5 ***************************
2025-01-20T23:21:09.275+01:00  INFO 23276 --- [           main] i.unisa.biblionet.BiblionetApplication   : *************************** INIZIALIZZAZIONE DI BIBLIONET TERMINATA ***************************
2025-01-20T23:21:09.369+01:00  INFO 23276 --- [           main] j.LocalContainerEntityManagerFactoryBean : Closing JPA EntityManagerFactory for persistence unit 'default'
2025-01-20T23:21:09.373+01:00  INFO 23276 --- [           main] com.zaxxer.hikari.HikariDataSource       : HikariPool-16 - Shutdown initiated...
2025-01-20T23:21:09.376+01:00  INFO 23276 --- [           main] com.zaxxer.hikari.HikariDataSource       : HikariPool-16 - Shutdown completed.
]]></system-out>
  </testcase>
  <testcase name="visualizzaListaEventiComeBibliotecaTest" classname="it.unisa.biblionet.clubDelLibro.controller.ClubDelLibroControllerIntegrationTest" time="21.09">
    <system-out><![CDATA[2025-01-20T23:21:09.378+01:00  INFO 23276 --- [           main] o.s.b.d.r.RestartApplicationListener     : Restart disabled due to context in which it is running

  .   ____          _            __ _ _
 /\\ / ___'_ __ _ _(_)_ __  __ _ \ \ \ \
( ( )\___ | '_ | '_| | '_ \/ _` | \ \ \ \
 \\/  ___)| |_)| | | | | || (_| |  ) ) ) )
  '  |____| .__|_| |_|_| |_\__, | / / / /
 =========|_|==============|___/=/_/_/_/

 :: Spring Boot ::                (v3.4.1)

2025-01-20T23:21:09.398+01:00  INFO 23276 --- [           main] .c.ClubDelLibroControllerIntegrationTest : Starting ClubDelLibroControllerIntegrationTest using Java 23.0.1 with PID 23276 (started by anton in C:\Users\anton\IdeaProjects\Bibliotet3)
2025-01-20T23:21:09.398+01:00  INFO 23276 --- [           main] .c.ClubDelLibroControllerIntegrationTest : No active profile set, falling back to 1 default profile: "default"
2025-01-20T23:21:09.673+01:00  INFO 23276 --- [           main] .s.d.r.c.RepositoryConfigurationDelegate : Bootstrapping Spring Data JPA repositories in DEFAULT mode.
2025-01-20T23:21:09.731+01:00  INFO 23276 --- [           main] .s.d.r.c.RepositoryConfigurationDelegate : Finished Spring Data repository scanning in 57 ms. Found 15 JPA repository interfaces.
2025-01-20T23:21:09.808+01:00  INFO 23276 --- [           main] com.zaxxer.hikari.HikariDataSource       : HikariPool-17 - Starting...
2025-01-20T23:21:09.809+01:00  INFO 23276 --- [           main] com.zaxxer.hikari.pool.HikariPool        : HikariPool-17 - Added connection conn160: url=jdbc:h2:mem:db user=SA
2025-01-20T23:21:09.809+01:00  INFO 23276 --- [           main] com.zaxxer.hikari.HikariDataSource       : HikariPool-17 - Start completed.
2025-01-20T23:21:09.833+01:00  INFO 23276 --- [           main] o.hibernate.jpa.internal.util.LogHelper  : HHH000204: Processing PersistenceUnitInfo [name: default]
2025-01-20T23:21:09.835+01:00  INFO 23276 --- [           main] o.h.c.internal.RegionFactoryInitiator    : HHH000026: Second-level cache disabled
2025-01-20T23:21:09.855+01:00  INFO 23276 --- [           main] o.s.o.j.p.SpringPersistenceUnitInfo      : No LoadTimeWeaver setup: ignoring JPA class transformer
2025-01-20T23:21:09.856+01:00  INFO 23276 --- [           main] org.hibernate.orm.connections.pooling    : HHH10001005: Database info:
	Database JDBC URL [Connecting through datasource 'HikariDataSource (HikariPool-17)']
	Database driver: undefined/unknown
	Database version: 2.3.232
	Autocommit mode: undefined/unknown
	Isolation level: undefined/unknown
	Minimum pool size: undefined/unknown
	Maximum pool size: undefined/unknown
2025-01-20T23:21:10.055+01:00  INFO 23276 --- [           main] o.h.e.t.j.p.i.JtaPlatformInitiator       : HHH000489: No JTA platform available (set 'hibernate.transaction.jta.platform' to enable JTA platform integration)
2025-01-20T23:21:10.068+01:00  INFO 23276 --- [           main] j.LocalContainerEntityManagerFactoryBean : Initialized JPA EntityManagerFactory for persistence unit 'default'
2025-01-20T23:21:10.264+01:00  WARN 23276 --- [           main] JpaBaseConfiguration$JpaWebConfiguration : spring.jpa.open-in-view is enabled by default. Therefore, database queries may be performed during view rendering. Explicitly configure spring.jpa.open-in-view to disable this warning
2025-01-20T23:21:10.288+01:00  INFO 23276 --- [           main] o.s.b.a.w.s.WelcomePageHandlerMapping    : Adding welcome page template: index
2025-01-20T23:21:10.627+01:00  INFO 23276 --- [           main] o.s.b.t.m.w.SpringBootMockServletContext : Initializing Spring TestDispatcherServlet ''
2025-01-20T23:21:10.627+01:00  INFO 23276 --- [           main] o.s.t.web.servlet.TestDispatcherServlet  : Initializing Servlet ''
2025-01-20T23:21:10.630+01:00  INFO 23276 --- [           main] o.s.b.a.e.web.EndpointLinksResolver      : Exposing 1 endpoint beneath base path '/actuator'
2025-01-20T23:21:10.637+01:00  INFO 23276 --- [           main] o.s.t.web.servlet.TestDispatcherServlet  : Completed initialization in 10 ms
2025-01-20T23:21:10.654+01:00  INFO 23276 --- [           main] .c.ClubDelLibroControllerIntegrationTest : Started ClubDelLibroControllerIntegrationTest in 1.276 seconds (process running for 304.155)
2025-01-20T23:21:10.662+01:00  INFO 23276 --- [           main] i.unisa.biblionet.BiblionetApplication   : ***************************INIZIALIZZAZIONE DI BIBLIONET IN CORSO...***************************
2025-01-20T23:21:10.671+01:00  INFO 23276 --- [           main] i.unisa.biblionet.BiblionetApplication   : *************************** Biblioteche create 1/9 ***************************
2025-01-20T23:21:10.680+01:00  INFO 23276 --- [           main] i.unisa.biblionet.BiblionetApplication   : *************************** Esperti creati 2/9 ***************************
2025-01-20T23:21:10.685+01:00  INFO 23276 --- [           main] i.unisa.biblionet.BiblionetApplication   : *************************** Esperti creati 3/9 ***************************
2025-01-20T23:21:10.690+01:00  INFO 23276 --- [           main] i.unisa.biblionet.BiblionetApplication   : *************************** Generi creati 4/9 ***************************
2025-01-20T23:21:10.690+01:00  INFO 23276 --- [           main] i.unisa.biblionet.BiblionetApplication   : *************************** Caricamento libro 1/41 ***************************
2025-01-20T23:21:11.413+01:00  INFO 23276 --- [           main] i.unisa.biblionet.BiblionetApplication   : *************************** Caricamento libro 2/41 ***************************
2025-01-20T23:21:12.032+01:00  INFO 23276 --- [           main] i.unisa.biblionet.BiblionetApplication   : *************************** Caricamento libro 3/41 ***************************
2025-01-20T23:21:12.637+01:00  INFO 23276 --- [           main] i.unisa.biblionet.BiblionetApplication   : *************************** Caricamento libro 4/41 ***************************
2025-01-20T23:21:13.260+01:00  INFO 23276 --- [           main] i.unisa.biblionet.BiblionetApplication   : *************************** Caricamento libro 5/41 ***************************
2025-01-20T23:21:13.865+01:00  INFO 23276 --- [           main] i.unisa.biblionet.BiblionetApplication   : *************************** Caricamento libro 6/41 ***************************
2025-01-20T23:21:14.487+01:00  INFO 23276 --- [           main] i.unisa.biblionet.BiblionetApplication   : *************************** Caricamento libro 7/41 ***************************
2025-01-20T23:21:15.030+01:00  INFO 23276 --- [           main] i.unisa.biblionet.BiblionetApplication   : *************************** Caricamento libro 8/41 ***************************
2025-01-20T23:21:15.283+01:00  INFO 23276 --- [           main] i.unisa.biblionet.BiblionetApplication   : *************************** Caricamento libro 9/41 ***************************
2025-01-20T23:21:15.780+01:00  INFO 23276 --- [           main] i.unisa.biblionet.BiblionetApplication   : *************************** Caricamento libro 10/41 ***************************
2025-01-20T23:21:16.037+01:00  INFO 23276 --- [           main] i.unisa.biblionet.BiblionetApplication   : *************************** Caricamento libro 11/41 ***************************
2025-01-20T23:21:16.584+01:00  INFO 23276 --- [           main] i.unisa.biblionet.BiblionetApplication   : *************************** Caricamento libro 12/41 ***************************
2025-01-20T23:21:17.260+01:00  INFO 23276 --- [           main] i.unisa.biblionet.BiblionetApplication   : *************************** Caricamento libro 13/41 ***************************
2025-01-20T23:21:18.114+01:00  INFO 23276 --- [           main] i.unisa.biblionet.BiblionetApplication   : *************************** Caricamento libro 14/41 ***************************
2025-01-20T23:21:18.434+01:00  INFO 23276 --- [           main] i.unisa.biblionet.BiblionetApplication   : *************************** Caricamento libro 15/41 ***************************
2025-01-20T23:21:19.045+01:00  INFO 23276 --- [           main] i.unisa.biblionet.BiblionetApplication   : *************************** Caricamento libro 16/41 ***************************
2025-01-20T23:21:19.600+01:00  INFO 23276 --- [           main] i.unisa.biblionet.BiblionetApplication   : *************************** Caricamento libro 17/41 ***************************
2025-01-20T23:21:20.077+01:00  INFO 23276 --- [           main] i.unisa.biblionet.BiblionetApplication   : *************************** Caricamento libro 18/41 ***************************
2025-01-20T23:21:20.666+01:00  INFO 23276 --- [           main] i.unisa.biblionet.BiblionetApplication   : *************************** Caricamento libro 19/41 ***************************
2025-01-20T23:21:21.174+01:00  INFO 23276 --- [           main] i.unisa.biblionet.BiblionetApplication   : *************************** Caricamento libro 20/41 ***************************
2025-01-20T23:21:21.646+01:00  INFO 23276 --- [           main] i.unisa.biblionet.BiblionetApplication   : *************************** Caricamento libro 21/41 ***************************
2025-01-20T23:21:22.134+01:00  INFO 23276 --- [           main] i.unisa.biblionet.BiblionetApplication   : *************************** Caricamento libro 22/41 ***************************
2025-01-20T23:21:22.662+01:00  INFO 23276 --- [           main] i.unisa.biblionet.BiblionetApplication   : *************************** Caricamento libro 23/41 ***************************
2025-01-20T23:21:23.192+01:00  INFO 23276 --- [           main] i.unisa.biblionet.BiblionetApplication   : *************************** Caricamento libro 24/41 ***************************
2025-01-20T23:21:23.442+01:00  INFO 23276 --- [           main] i.unisa.biblionet.BiblionetApplication   : *************************** Caricamento libro 25/41 ***************************
2025-01-20T23:21:23.968+01:00  INFO 23276 --- [           main] i.unisa.biblionet.BiblionetApplication   : *************************** Caricamento libro 26/41 ***************************
2025-01-20T23:21:24.481+01:00  INFO 23276 --- [           main] i.unisa.biblionet.BiblionetApplication   : *************************** Caricamento libro 27/41 ***************************
2025-01-20T23:21:24.962+01:00  INFO 23276 --- [           main] i.unisa.biblionet.BiblionetApplication   : *************************** Caricamento libro 28/41 ***************************
2025-01-20T23:21:25.210+01:00  INFO 23276 --- [           main] i.unisa.biblionet.BiblionetApplication   : *************************** Caricamento libro 29/41 ***************************
2025-01-20T23:21:25.729+01:00  INFO 23276 --- [           main] i.unisa.biblionet.BiblionetApplication   : *************************** Caricamento libro 30/41 ***************************
2025-01-20T23:21:26.215+01:00  INFO 23276 --- [           main] i.unisa.biblionet.BiblionetApplication   : *************************** Caricamento libro 31/41 ***************************
2025-01-20T23:21:26.734+01:00  INFO 23276 --- [           main] i.unisa.biblionet.BiblionetApplication   : *************************** Caricamento libro 32/41 ***************************
2025-01-20T23:21:27.218+01:00  INFO 23276 --- [           main] i.unisa.biblionet.BiblionetApplication   : *************************** Caricamento libro 33/41 ***************************
2025-01-20T23:21:27.694+01:00  INFO 23276 --- [           main] i.unisa.biblionet.BiblionetApplication   : *************************** Caricamento libro 34/41 ***************************
2025-01-20T23:21:28.202+01:00  INFO 23276 --- [           main] i.unisa.biblionet.BiblionetApplication   : *************************** Caricamento libro 35/41 ***************************
2025-01-20T23:21:28.488+01:00  INFO 23276 --- [           main] i.unisa.biblionet.BiblionetApplication   : *************************** Caricamento libro 36/41 ***************************
2025-01-20T23:21:28.975+01:00  INFO 23276 --- [           main] i.unisa.biblionet.BiblionetApplication   : *************************** Caricamento libro 37/41 ***************************
2025-01-20T23:21:29.466+01:00  INFO 23276 --- [           main] i.unisa.biblionet.BiblionetApplication   : *************************** Caricamento libro 38/41 ***************************
2025-01-20T23:21:29.921+01:00  INFO 23276 --- [           main] i.unisa.biblionet.BiblionetApplication   : *************************** Caricamento libro 39/41 ***************************
2025-01-20T23:21:30.479+01:00  INFO 23276 --- [           main] i.unisa.biblionet.BiblionetApplication   : *************************** Caricamento libro 40/41 ***************************
2025-01-20T23:21:30.994+01:00  INFO 23276 --- [           main] i.unisa.biblionet.BiblionetApplication   : *************************** Caricamento libro 41/41 ***************************
2025-01-20T23:21:31.516+01:00  INFO 23276 --- [           main] i.unisa.biblionet.BiblionetApplication   : *************************** Libri creati 5/9 ***************************
2025-01-20T23:21:31.516+01:00  INFO 23276 --- [           main] i.unisa.biblionet.BiblionetApplication   : *************************** Inserimento Possessi biblioteca 1/10 ***************************
2025-01-20T23:21:31.519+01:00  INFO 23276 --- [           main] i.unisa.biblionet.BiblionetApplication   : *************************** Inserimento Possessi biblioteca 2/10 ***************************
2025-01-20T23:21:31.520+01:00  INFO 23276 --- [           main] i.unisa.biblionet.BiblionetApplication   : *************************** Inserimento Possessi biblioteca 3/10 ***************************
2025-01-20T23:21:31.521+01:00  INFO 23276 --- [           main] i.unisa.biblionet.BiblionetApplication   : *************************** Inserimento Possessi biblioteca 4/10 ***************************
2025-01-20T23:21:31.522+01:00  INFO 23276 --- [           main] i.unisa.biblionet.BiblionetApplication   : *************************** Inserimento Possessi biblioteca 5/10 ***************************
2025-01-20T23:21:31.524+01:00  INFO 23276 --- [           main] i.unisa.biblionet.BiblionetApplication   : *************************** Inserimento Possessi biblioteca 6/10 ***************************
2025-01-20T23:21:31.526+01:00  INFO 23276 --- [           main] i.unisa.biblionet.BiblionetApplication   : *************************** Inserimento Possessi biblioteca 7/10 ***************************
2025-01-20T23:21:31.527+01:00  INFO 23276 --- [           main] i.unisa.biblionet.BiblionetApplication   : *************************** Inserimento Possessi biblioteca 8/10 ***************************
2025-01-20T23:21:31.528+01:00  INFO 23276 --- [           main] i.unisa.biblionet.BiblionetApplication   : *************************** Inserimento Possessi biblioteca 9/10 ***************************
2025-01-20T23:21:31.529+01:00  INFO 23276 --- [           main] i.unisa.biblionet.BiblionetApplication   : *************************** Inserimento Possessi biblioteca 10/10 ***************************
2025-01-20T23:21:31.531+01:00  INFO 23276 --- [           main] i.unisa.biblionet.BiblionetApplication   : *************************** Possessi creati 6/9 ***************************
2025-01-20T23:21:31.534+01:00  INFO 23276 --- [           main] i.unisa.biblionet.BiblionetApplication   : *************************** Ticket creati 7/9 ***************************
2025-01-20T23:21:31.549+01:00  INFO 23276 --- [           main] i.unisa.biblionet.BiblionetApplication   : *************************** Club del Libro creati 8/9 ***************************
2025-01-20T23:21:31.552+01:00  INFO 23276 --- [           main] i.unisa.biblionet.BiblionetApplication   : *************************** Eventi creati 9/9 ***************************
2025-01-20T23:21:31.552+01:00  INFO 23276 --- [           main] i.unisa.biblionet.BiblionetApplication   : *************************** Recensioni create 3/3 ***************************
2025-01-20T23:21:31.555+01:00  INFO 23276 --- [           main] i.unisa.biblionet.BiblionetApplication   : *************************** DomandeBot create 4/4 ***************************
2025-01-20T23:21:31.556+01:00  INFO 23276 --- [           main] i.unisa.biblionet.BiblionetApplication   : *************************** DomandeBot create 4/4 ***************************
2025-01-20T23:21:31.558+01:00  INFO 23276 --- [           main] i.unisa.biblionet.BiblionetApplication   : *************************** RipsotaBot create 1/5 ***************************
2025-01-20T23:21:31.561+01:00  INFO 23276 --- [           main] i.unisa.biblionet.BiblionetApplication   : *************************** RispostaBot create 2/5 ***************************
2025-01-20T23:21:31.563+01:00  INFO 23276 --- [           main] i.unisa.biblionet.BiblionetApplication   : *************************** RispostaBot create 3/5 ***************************
2025-01-20T23:21:31.563+01:00  INFO 23276 --- [           main] i.unisa.biblionet.BiblionetApplication   : *************************** RispostaBot create 4/5 ***************************
2025-01-20T23:21:31.564+01:00  INFO 23276 --- [           main] i.unisa.biblionet.BiblionetApplication   : *************************** RispostaBot create 5/5 ***************************
2025-01-20T23:21:31.713+01:00  INFO 23276 --- [           main] i.unisa.biblionet.BiblionetApplication   : *************************** INIZIALIZZAZIONE DI BIBLIONET TERMINATA ***************************
2025-01-20T23:21:31.742+01:00  INFO 23276 --- [           main] j.LocalContainerEntityManagerFactoryBean : Closing JPA EntityManagerFactory for persistence unit 'default'
2025-01-20T23:21:31.744+01:00  INFO 23276 --- [           main] com.zaxxer.hikari.HikariDataSource       : HikariPool-17 - Shutdown initiated...
2025-01-20T23:21:31.746+01:00  INFO 23276 --- [           main] com.zaxxer.hikari.HikariDataSource       : HikariPool-17 - Shutdown completed.
]]></system-out>
  </testcase>
</testsuite>